Timing Analyzer report for roulette
Tue May 27 20:01:14 2025
Quartus Prime Version 20.1.1 Build 720 11/11/2020 SJ Lite Edition


---------------------
; Table of Contents ;
---------------------
  1. Legal Notice
  2. Timing Analyzer Summary
  3. Parallel Compilation
  4. Clocks
  5. Slow 1200mV 85C Model Fmax Summary
  6. Slow 1200mV 85C Model Setup Summary
  7. Slow 1200mV 85C Model Hold Summary
  8. Slow 1200mV 85C Model Recovery Summary
  9. Slow 1200mV 85C Model Removal Summary
 10. Slow 1200mV 85C Model Minimum Pulse Width Summary
 11. Slow 1200mV 85C Model Metastability Summary
 12. Slow 1200mV 0C Model Fmax Summary
 13. Slow 1200mV 0C Model Setup Summary
 14. Slow 1200mV 0C Model Hold Summary
 15. Slow 1200mV 0C Model Recovery Summary
 16. Slow 1200mV 0C Model Removal Summary
 17. Slow 1200mV 0C Model Minimum Pulse Width Summary
 18. Slow 1200mV 0C Model Metastability Summary
 19. Fast 1200mV 0C Model Setup Summary
 20. Fast 1200mV 0C Model Hold Summary
 21. Fast 1200mV 0C Model Recovery Summary
 22. Fast 1200mV 0C Model Removal Summary
 23. Fast 1200mV 0C Model Minimum Pulse Width Summary
 24. Fast 1200mV 0C Model Metastability Summary
 25. Multicorner Timing Analysis Summary
 26. Board Trace Model Assignments
 27. Input Transition Times
 28. Signal Integrity Metrics (Slow 1200mv 0c Model)
 29. Signal Integrity Metrics (Slow 1200mv 85c Model)
 30. Signal Integrity Metrics (Fast 1200mv 0c Model)
 31. Setup Transfers
 32. Hold Transfers
 33. Report TCCS
 34. Report RSKM
 35. Unconstrained Paths Summary
 36. Clock Status Summary
 37. Unconstrained Input Ports
 38. Unconstrained Output Ports
 39. Unconstrained Input Ports
 40. Unconstrained Output Ports
 41. Timing Analyzer Messages



----------------
; Legal Notice ;
----------------
Copyright (C) 2020  Intel Corporation. All rights reserved.
Your use of Intel Corporation's design tools, logic functions 
and other software and tools, and any partner logic 
functions, and any output files from any of the foregoing 
(including device programming or simulation files), and any 
associated documentation or information are expressly subject 
to the terms and conditions of the Intel Program License 
Subscription Agreement, the Intel Quartus Prime License Agreement,
the Intel FPGA IP License Agreement, or other applicable license
agreement, including, without limitation, that your use is for
the sole purpose of programming logic devices manufactured by
Intel and sold by Intel or its authorized distributors.  Please
refer to the applicable agreement for further details, at
https://fpgasoftware.intel.com/eula.



+-----------------------------------------------------------------------------+
; Timing Analyzer Summary                                                     ;
+-----------------------+-----------------------------------------------------+
; Quartus Prime Version ; Version 20.1.1 Build 720 11/11/2020 SJ Lite Edition ;
; Timing Analyzer       ; Legacy Timing Analyzer                              ;
; Revision Name         ; roulette                                            ;
; Device Family         ; MAX 10                                              ;
; Device Name           ; 10M50DAF484C6GES                                    ;
; Timing Models         ; Preliminary                                         ;
; Delay Model           ; Combined                                            ;
; Rise/Fall Delays      ; Enabled                                             ;
+-----------------------+-----------------------------------------------------+


+------------------------------------------+
; Parallel Compilation                     ;
+----------------------------+-------------+
; Processors                 ; Number      ;
+----------------------------+-------------+
; Number detected on machine ; 32          ;
; Maximum allowed            ; 16          ;
;                            ;             ;
; Average used               ; 1.43        ;
; Maximum used               ; 16          ;
;                            ;             ;
; Usage by Processor         ; % Time Used ;
;     Processor 1            ; 100.0%      ;
;     Processor 2            ;   3.1%      ;
;     Processor 3            ;   2.9%      ;
;     Processor 4            ;   2.8%      ;
;     Processors 5-16        ;   2.8%      ;
+----------------------------+-------------+


+--------------------------------------------------------------------------------------------------------------------------------------------------------------------------------------------------------------------------------------------------------------------------------------------------------------------------------------------------------------------------------+
; Clocks                                                                                                                                                                                                                                                                                                                                                                         ;
+--------------------------------------------------------------------------------------------------------+------+--------+------------+-------+-------+------------+-----------+-------------+-------+--------+-----------+------------+----------+--------+--------+------------------------------------------------------------------------------------------------------------+
; Clock Name                                                                                             ; Type ; Period ; Frequency  ; Rise  ; Fall  ; Duty Cycle ; Divide by ; Multiply by ; Phase ; Offset ; Edge List ; Edge Shift ; Inverted ; Master ; Source ; Targets                                                                                                    ;
+--------------------------------------------------------------------------------------------------------+------+--------+------------+-------+-------+------------+-----------+-------------+-------+--------+-----------+------------+----------+--------+--------+------------------------------------------------------------------------------------------------------------+
; CLK                                                                                                    ; Base ; 1.000  ; 1000.0 MHz ; 0.000 ; 0.500 ;            ;           ;             ;       ;        ;           ;            ;          ;        ;        ; { CLK }                                                                                                    ;
; Key_decode:instance_key_decode|clock_divisor:clkdivider|tmp                                            ; Base ; 1.000  ; 1000.0 MHz ; 0.000 ; 0.500 ;            ;           ;             ;       ;        ;           ;            ;          ;        ;        ; { Key_decode:instance_key_decode|clock_divisor:clkdivider|tmp }                                            ;
; Key_decode:instance_key_decode|KeyControl:keycontrols|CurrentState.State_Scan_Lines                    ; Base ; 1.000  ; 1000.0 MHz ; 0.000 ; 0.500 ;            ;           ;             ;       ;        ;           ;            ;          ;        ;        ; { Key_decode:instance_key_decode|KeyControl:keycontrols|CurrentState.State_Scan_Lines }                    ;
; RingBuffer:instance_ring_buffer|Ring_Buffer_Control:inst_ringBufferControl|CurrentState.Data_Delivered ; Base ; 1.000  ; 1000.0 MHz ; 0.000 ; 0.500 ;            ;           ;             ;       ;        ;           ;            ;          ;        ;        ; { RingBuffer:instance_ring_buffer|Ring_Buffer_Control:inst_ringBufferControl|CurrentState.Data_Delivered } ;
+--------------------------------------------------------------------------------------------------------+------+--------+------------+-------+-------+------------+-----------+-------------+-------+--------+-----------+------------+----------+--------+--------+------------------------------------------------------------------------------------------------------------+


+---------------------------------------------------------------------------------------------------+
; Slow 1200mV 85C Model Fmax Summary                                                                ;
+------------+-----------------+-------------------------------------------------------------+------+
; Fmax       ; Restricted Fmax ; Clock Name                                                  ; Note ;
+------------+-----------------+-------------------------------------------------------------+------+
; 138.24 MHz ; 138.24 MHz      ; CLK                                                         ;      ;
; 401.28 MHz ; 401.28 MHz      ; Key_decode:instance_key_decode|clock_divisor:clkdivider|tmp ;      ;
+------------+-----------------+-------------------------------------------------------------+------+
This panel reports FMAX for every clock in the design, regardless of the user-specified clock periods.  FMAX is only computed for paths where the source and destination registers or ports are driven by the same clock.  Paths of different clocks, including generated clocks, are ignored.  For paths between a clock and its inversion, FMAX is computed as if the rising and falling edges are scaled along with FMAX, such that the duty cycle (in terms of a percentage) is maintained. Altera recommends that you always use clock constraints and other slack reports for sign-off analysis.


+---------------------------------------------------------------------------------------------------------------------------------+
; Slow 1200mV 85C Model Setup Summary                                                                                             ;
+--------------------------------------------------------------------------------------------------------+--------+---------------+
; Clock                                                                                                  ; Slack  ; End Point TNS ;
+--------------------------------------------------------------------------------------------------------+--------+---------------+
; CLK                                                                                                    ; -7.036 ; -122.368      ;
; RingBuffer:instance_ring_buffer|Ring_Buffer_Control:inst_ringBufferControl|CurrentState.Data_Delivered ; -2.314 ; -95.395       ;
; Key_decode:instance_key_decode|clock_divisor:clkdivider|tmp                                            ; -1.905 ; -1.951        ;
+--------------------------------------------------------------------------------------------------------+--------+---------------+


+---------------------------------------------------------------------------------------------------------------------------------+
; Slow 1200mV 85C Model Hold Summary                                                                                              ;
+--------------------------------------------------------------------------------------------------------+--------+---------------+
; Clock                                                                                                  ; Slack  ; End Point TNS ;
+--------------------------------------------------------------------------------------------------------+--------+---------------+
; RingBuffer:instance_ring_buffer|Ring_Buffer_Control:inst_ringBufferControl|CurrentState.Data_Delivered ; -0.332 ; -0.836        ;
; CLK                                                                                                    ; 0.324  ; 0.000         ;
; Key_decode:instance_key_decode|clock_divisor:clkdivider|tmp                                            ; 0.324  ; 0.000         ;
+--------------------------------------------------------------------------------------------------------+--------+---------------+


------------------------------------------
; Slow 1200mV 85C Model Recovery Summary ;
------------------------------------------
No paths to report.


-----------------------------------------
; Slow 1200mV 85C Model Removal Summary ;
-----------------------------------------
No paths to report.


+---------------------------------------------------------------------------------------------------------------------------------+
; Slow 1200mV 85C Model Minimum Pulse Width Summary                                                                               ;
+--------------------------------------------------------------------------------------------------------+--------+---------------+
; Clock                                                                                                  ; Slack  ; End Point TNS ;
+--------------------------------------------------------------------------------------------------------+--------+---------------+
; CLK                                                                                                    ; -3.000 ; -77.542       ;
; Key_decode:instance_key_decode|clock_divisor:clkdivider|tmp                                            ; -1.222 ; -7.332        ;
; Key_decode:instance_key_decode|KeyControl:keycontrols|CurrentState.State_Scan_Lines                    ; -1.222 ; -2.444        ;
; RingBuffer:instance_ring_buffer|Ring_Buffer_Control:inst_ringBufferControl|CurrentState.Data_Delivered ; -0.114 ; -3.765        ;
+--------------------------------------------------------------------------------------------------------+--------+---------------+


-----------------------------------------------
; Slow 1200mV 85C Model Metastability Summary ;
-----------------------------------------------
Design MTBF is not calculated because the design doesn't meet its timing requirements.



+---------------------------------------------------------------------------------------------------+
; Slow 1200mV 0C Model Fmax Summary                                                                 ;
+------------+-----------------+-------------------------------------------------------------+------+
; Fmax       ; Restricted Fmax ; Clock Name                                                  ; Note ;
+------------+-----------------+-------------------------------------------------------------+------+
; 150.97 MHz ; 150.97 MHz      ; CLK                                                         ;      ;
; 441.31 MHz ; 441.31 MHz      ; Key_decode:instance_key_decode|clock_divisor:clkdivider|tmp ;      ;
+------------+-----------------+-------------------------------------------------------------+------+
This panel reports FMAX for every clock in the design, regardless of the user-specified clock periods.  FMAX is only computed for paths where the source and destination registers or ports are driven by the same clock.  Paths of different clocks, including generated clocks, are ignored.  For paths between a clock and its inversion, FMAX is computed as if the rising and falling edges are scaled along with FMAX, such that the duty cycle (in terms of a percentage) is maintained. Altera recommends that you always use clock constraints and other slack reports for sign-off analysis.


+---------------------------------------------------------------------------------------------------------------------------------+
; Slow 1200mV 0C Model Setup Summary                                                                                              ;
+--------------------------------------------------------------------------------------------------------+--------+---------------+
; Clock                                                                                                  ; Slack  ; End Point TNS ;
+--------------------------------------------------------------------------------------------------------+--------+---------------+
; CLK                                                                                                    ; -6.306 ; -104.935      ;
; RingBuffer:instance_ring_buffer|Ring_Buffer_Control:inst_ringBufferControl|CurrentState.Data_Delivered ; -2.093 ; -86.164       ;
; Key_decode:instance_key_decode|clock_divisor:clkdivider|tmp                                            ; -1.609 ; -1.609        ;
+--------------------------------------------------------------------------------------------------------+--------+---------------+


+---------------------------------------------------------------------------------------------------------------------------------+
; Slow 1200mV 0C Model Hold Summary                                                                                               ;
+--------------------------------------------------------------------------------------------------------+--------+---------------+
; Clock                                                                                                  ; Slack  ; End Point TNS ;
+--------------------------------------------------------------------------------------------------------+--------+---------------+
; RingBuffer:instance_ring_buffer|Ring_Buffer_Control:inst_ringBufferControl|CurrentState.Data_Delivered ; -0.231 ; -0.267        ;
; Key_decode:instance_key_decode|clock_divisor:clkdivider|tmp                                            ; 0.293  ; 0.000         ;
; CLK                                                                                                    ; 0.294  ; 0.000         ;
+--------------------------------------------------------------------------------------------------------+--------+---------------+


-----------------------------------------
; Slow 1200mV 0C Model Recovery Summary ;
-----------------------------------------
No paths to report.


----------------------------------------
; Slow 1200mV 0C Model Removal Summary ;
----------------------------------------
No paths to report.


+---------------------------------------------------------------------------------------------------------------------------------+
; Slow 1200mV 0C Model Minimum Pulse Width Summary                                                                                ;
+--------------------------------------------------------------------------------------------------------+--------+---------------+
; Clock                                                                                                  ; Slack  ; End Point TNS ;
+--------------------------------------------------------------------------------------------------------+--------+---------------+
; CLK                                                                                                    ; -3.000 ; -77.542       ;
; Key_decode:instance_key_decode|clock_divisor:clkdivider|tmp                                            ; -1.222 ; -7.332        ;
; Key_decode:instance_key_decode|KeyControl:keycontrols|CurrentState.State_Scan_Lines                    ; -1.222 ; -2.444        ;
; RingBuffer:instance_ring_buffer|Ring_Buffer_Control:inst_ringBufferControl|CurrentState.Data_Delivered ; 0.047  ; 0.000         ;
+--------------------------------------------------------------------------------------------------------+--------+---------------+


----------------------------------------------
; Slow 1200mV 0C Model Metastability Summary ;
----------------------------------------------
Design MTBF is not calculated because the design doesn't meet its timing requirements.



+---------------------------------------------------------------------------------------------------------------------------------+
; Fast 1200mV 0C Model Setup Summary                                                                                              ;
+--------------------------------------------------------------------------------------------------------+--------+---------------+
; Clock                                                                                                  ; Slack  ; End Point TNS ;
+--------------------------------------------------------------------------------------------------------+--------+---------------+
; CLK                                                                                                    ; -3.287 ; -34.107       ;
; RingBuffer:instance_ring_buffer|Ring_Buffer_Control:inst_ringBufferControl|CurrentState.Data_Delivered ; -0.980 ; -34.864       ;
; Key_decode:instance_key_decode|clock_divisor:clkdivider|tmp                                            ; -0.812 ; -0.812        ;
+--------------------------------------------------------------------------------------------------------+--------+---------------+


+---------------------------------------------------------------------------------------------------------------------------------+
; Fast 1200mV 0C Model Hold Summary                                                                                               ;
+--------------------------------------------------------------------------------------------------------+--------+---------------+
; Clock                                                                                                  ; Slack  ; End Point TNS ;
+--------------------------------------------------------------------------------------------------------+--------+---------------+
; RingBuffer:instance_ring_buffer|Ring_Buffer_Control:inst_ringBufferControl|CurrentState.Data_Delivered ; -0.209 ; -0.488        ;
; CLK                                                                                                    ; 0.053  ; 0.000         ;
; Key_decode:instance_key_decode|clock_divisor:clkdivider|tmp                                            ; 0.148  ; 0.000         ;
+--------------------------------------------------------------------------------------------------------+--------+---------------+


-----------------------------------------
; Fast 1200mV 0C Model Recovery Summary ;
-----------------------------------------
No paths to report.


----------------------------------------
; Fast 1200mV 0C Model Removal Summary ;
----------------------------------------
No paths to report.


+---------------------------------------------------------------------------------------------------------------------------------+
; Fast 1200mV 0C Model Minimum Pulse Width Summary                                                                                ;
+--------------------------------------------------------------------------------------------------------+--------+---------------+
; Clock                                                                                                  ; Slack  ; End Point TNS ;
+--------------------------------------------------------------------------------------------------------+--------+---------------+
; CLK                                                                                                    ; -3.000 ; -65.477       ;
; Key_decode:instance_key_decode|clock_divisor:clkdivider|tmp                                            ; -1.000 ; -6.000        ;
; Key_decode:instance_key_decode|KeyControl:keycontrols|CurrentState.State_Scan_Lines                    ; -1.000 ; -2.000        ;
; RingBuffer:instance_ring_buffer|Ring_Buffer_Control:inst_ringBufferControl|CurrentState.Data_Delivered ; 0.031  ; 0.000         ;
+--------------------------------------------------------------------------------------------------------+--------+---------------+


----------------------------------------------
; Fast 1200mV 0C Model Metastability Summary ;
----------------------------------------------
Design MTBF is not calculated because the design doesn't meet its timing requirements.



+------------------------------------------------------------------------------------------------------------------------------------------------------------------------+
; Multicorner Timing Analysis Summary                                                                                                                                    ;
+---------------------------------------------------------------------------------------------------------+----------+--------+----------+---------+---------------------+
; Clock                                                                                                   ; Setup    ; Hold   ; Recovery ; Removal ; Minimum Pulse Width ;
+---------------------------------------------------------------------------------------------------------+----------+--------+----------+---------+---------------------+
; Worst-case Slack                                                                                        ; -7.036   ; -0.332 ; N/A      ; N/A     ; -3.000              ;
;  CLK                                                                                                    ; -7.036   ; 0.053  ; N/A      ; N/A     ; -3.000              ;
;  Key_decode:instance_key_decode|KeyControl:keycontrols|CurrentState.State_Scan_Lines                    ; N/A      ; N/A    ; N/A      ; N/A     ; -1.222              ;
;  Key_decode:instance_key_decode|clock_divisor:clkdivider|tmp                                            ; -1.905   ; 0.148  ; N/A      ; N/A     ; -1.222              ;
;  RingBuffer:instance_ring_buffer|Ring_Buffer_Control:inst_ringBufferControl|CurrentState.Data_Delivered ; -2.314   ; -0.332 ; N/A      ; N/A     ; -0.114              ;
; Design-wide TNS                                                                                         ; -219.714 ; -0.836 ; 0.0      ; 0.0     ; -91.083             ;
;  CLK                                                                                                    ; -122.368 ; 0.000  ; N/A      ; N/A     ; -77.542             ;
;  Key_decode:instance_key_decode|KeyControl:keycontrols|CurrentState.State_Scan_Lines                    ; N/A      ; N/A    ; N/A      ; N/A     ; -2.444              ;
;  Key_decode:instance_key_decode|clock_divisor:clkdivider|tmp                                            ; -1.951   ; 0.000  ; N/A      ; N/A     ; -7.332              ;
;  RingBuffer:instance_ring_buffer|Ring_Buffer_Control:inst_ringBufferControl|CurrentState.Data_Delivered ; -95.395  ; -0.836 ; N/A      ; N/A     ; -3.765              ;
+---------------------------------------------------------------------------------------------------------+----------+--------+----------+---------+---------------------+


+-----------------------------------------------------------------------------------------------------------------------------------------------------------------------------------------------------------------------------------------------------------------------------------------------------------------------------------------------------------------------------------------------------------------+
; Board Trace Model Assignments                                                                                                                                                                                                                                                                                                                                                                                   ;
+--------------+--------------+-------------------+-------------------------+-------------------------+---------------+---------------------+----------------+------------------+--------+------------------+------------------------+------------------------+--------------+---------------+-----------------+-------+---------------------+--------------------+---------------+-----------------+-------------+
; Pin          ; I/O Standard ; Near Tline Length ; Near Tline L per Length ; Near Tline C per Length ; Near Series R ; Near Differential R ; Near Pull-up R ; Near Pull-down R ; Near C ; Far Tline Length ; Far Tline L per Length ; Far Tline C per Length ; Far Series R ; Far Pull-up R ; Far Pull-down R ; Far C ; Termination Voltage ; Far Differential R ; EBD File Name ; EBD Signal Name ; EBD Far-end ;
+--------------+--------------+-------------------+-------------------------+-------------------------+---------------+---------------------+----------------+------------------+--------+------------------+------------------------+------------------------+--------------+---------------+-----------------+-------+---------------------+--------------------+---------------+-----------------+-------------+
; columns[0]   ; 2.5 V        ; 0 in              ; 0 H/in                  ; 0 F/in                  ; short         ; -                   ; open           ; open             ; open   ; 0 in             ; 0 H/in                 ; 0 F/in                 ; short        ; open          ; open            ; open  ; 0 V                 ; -                  ; n/a           ; n/a             ; n/a         ;
; columns[1]   ; 2.5 V        ; 0 in              ; 0 H/in                  ; 0 F/in                  ; short         ; -                   ; open           ; open             ; open   ; 0 in             ; 0 H/in                 ; 0 F/in                 ; short        ; open          ; open            ; open  ; 0 V                 ; -                  ; n/a           ; n/a             ; n/a         ;
; columns[2]   ; 2.5 V        ; 0 in              ; 0 H/in                  ; 0 F/in                  ; short         ; -                   ; open           ; open             ; open   ; 0 in             ; 0 H/in                 ; 0 F/in                 ; short        ; open          ; open            ; open  ; 0 V                 ; -                  ; n/a           ; n/a             ; n/a         ;
; columns[3]   ; 2.5 V        ; 0 in              ; 0 H/in                  ; 0 F/in                  ; short         ; -                   ; open           ; open             ; open   ; 0 in             ; 0 H/in                 ; 0 F/in                 ; short        ; open          ; open            ; open  ; 0 V                 ; -                  ; n/a           ; n/a             ; n/a         ;
; output[0]    ; 2.5 V        ; 0 in              ; 0 H/in                  ; 0 F/in                  ; short         ; -                   ; open           ; open             ; open   ; 0 in             ; 0 H/in                 ; 0 F/in                 ; short        ; open          ; open            ; open  ; 0 V                 ; -                  ; n/a           ; n/a             ; n/a         ;
; output[1]    ; 2.5 V        ; 0 in              ; 0 H/in                  ; 0 F/in                  ; short         ; -                   ; open           ; open             ; open   ; 0 in             ; 0 H/in                 ; 0 F/in                 ; short        ; open          ; open            ; open  ; 0 V                 ; -                  ; n/a           ; n/a             ; n/a         ;
; output[2]    ; 2.5 V        ; 0 in              ; 0 H/in                  ; 0 F/in                  ; short         ; -                   ; open           ; open             ; open   ; 0 in             ; 0 H/in                 ; 0 F/in                 ; short        ; open          ; open            ; open  ; 0 V                 ; -                  ; n/a           ; n/a             ; n/a         ;
; output[3]    ; 2.5 V        ; 0 in              ; 0 H/in                  ; 0 F/in                  ; short         ; -                   ; open           ; open             ; open   ; 0 in             ; 0 H/in                 ; 0 F/in                 ; short        ; open          ; open            ; open  ; 0 V                 ; -                  ; n/a           ; n/a             ; n/a         ;
; Dval         ; 2.5 V        ; 0 in              ; 0 H/in                  ; 0 F/in                  ; short         ; -                   ; open           ; open             ; open   ; 0 in             ; 0 H/in                 ; 0 F/in                 ; short        ; open          ; open            ; open  ; 0 V                 ; -                  ; n/a           ; n/a             ; n/a         ;
; ~ALTERA_TDO~ ; 2.5 V        ; 0 in              ; 0 H/in                  ; 0 F/in                  ; short         ; -                   ; open           ; open             ; open   ; 0 in             ; 0 H/in                 ; 0 F/in                 ; short        ; open          ; open            ; open  ; 0 V                 ; -                  ; n/a           ; n/a             ; n/a         ;
+--------------+--------------+-------------------+-------------------------+-------------------------+---------------+---------------------+----------------+------------------+--------+------------------+------------------------+------------------------+--------------+---------------+-----------------+-------+---------------------+--------------------+---------------+-----------------+-------------+


+---------------------------------------------------------------------------------+
; Input Transition Times                                                          ;
+---------------------+-----------------------+-----------------+-----------------+
; Pin                 ; I/O Standard          ; 10-90 Rise Time ; 90-10 Fall Time ;
+---------------------+-----------------------+-----------------+-----------------+
; lines[0]            ; 2.5 V                 ; 2000 ps         ; 2000 ps         ;
; lines[1]            ; 2.5 V                 ; 2000 ps         ; 2000 ps         ;
; lines[2]            ; 2.5 V                 ; 2000 ps         ; 2000 ps         ;
; lines[3]            ; 2.5 V                 ; 2000 ps         ; 2000 ps         ;
; Reset               ; 2.5 V                 ; 2000 ps         ; 2000 ps         ;
; CLK                 ; 2.5 V                 ; 2000 ps         ; 2000 ps         ;
; ack_control         ; 2.5 V                 ; 2000 ps         ; 2000 ps         ;
; ~ALTERA_TMS~        ; 2.5 V Schmitt Trigger ; 2000 ps         ; 2000 ps         ;
; ~ALTERA_TCK~        ; 2.5 V Schmitt Trigger ; 2000 ps         ; 2000 ps         ;
; ~ALTERA_TDI~        ; 2.5 V Schmitt Trigger ; 2000 ps         ; 2000 ps         ;
; ~ALTERA_CONFIG_SEL~ ; 2.5 V                 ; 2000 ps         ; 2000 ps         ;
; ~ALTERA_nCONFIG~    ; 2.5 V Schmitt Trigger ; 2000 ps         ; 2000 ps         ;
; ~ALTERA_nSTATUS~    ; 2.5 V Schmitt Trigger ; 2000 ps         ; 2000 ps         ;
; ~ALTERA_CONF_DONE~  ; 2.5 V Schmitt Trigger ; 2000 ps         ; 2000 ps         ;
+---------------------+-----------------------+-----------------+-----------------+


+-------------------------------------------------------------------------------------------------------------------------------------------------------------------------------------------------------------------------------------------------------------------------------------------------------------------------------------------------------------------------------------------------------------------------------------------------------------------------------------------------------------------------------------------------------------------------------------------------------------------------------------------------------------------------------------------+
; Signal Integrity Metrics (Slow 1200mv 0c Model)                                                                                                                                                                                                                                                                                                                                                                                                                                                                                                                                                                                                                                           ;
+--------------+--------------+---------------------+---------------------+------------------------------+------------------------------+---------------------+---------------------+--------------------------------------+--------------------------------------+-----------------------------+-----------------------------+----------------------------+----------------------------+-----------------------------+-----------------------------+--------------------+--------------------+-------------------------------------+-------------------------------------+----------------------------+----------------------------+---------------------------+---------------------------+
; Pin          ; I/O Standard ; Board Delay on Rise ; Board Delay on Fall ; Steady State Voh at FPGA Pin ; Steady State Vol at FPGA Pin ; Voh Max at FPGA Pin ; Vol Min at FPGA Pin ; Ringback Voltage on Rise at FPGA Pin ; Ringback Voltage on Fall at FPGA Pin ; 10-90 Rise Time at FPGA Pin ; 90-10 Fall Time at FPGA Pin ; Monotonic Rise at FPGA Pin ; Monotonic Fall at FPGA Pin ; Steady State Voh at Far-end ; Steady State Vol at Far-end ; Voh Max at Far-end ; Vol Min at Far-end ; Ringback Voltage on Rise at Far-end ; Ringback Voltage on Fall at Far-end ; 10-90 Rise Time at Far-end ; 90-10 Fall Time at Far-end ; Monotonic Rise at Far-end ; Monotonic Fall at Far-end ;
+--------------+--------------+---------------------+---------------------+------------------------------+------------------------------+---------------------+---------------------+--------------------------------------+--------------------------------------+-----------------------------+-----------------------------+----------------------------+----------------------------+-----------------------------+-----------------------------+--------------------+--------------------+-------------------------------------+-------------------------------------+----------------------------+----------------------------+---------------------------+---------------------------+
; columns[0]   ; 2.5 V        ; 0 s                 ; 0 s                 ; 2.32 V                       ; 1.17e-08 V                   ; 2.42 V              ; -0.0607 V           ; 0.271 V                              ; 0.095 V                              ; 2.93e-10 s                  ; 3.92e-10 s                  ; No                         ; Yes                        ; 2.32 V                      ; 1.17e-08 V                  ; 2.42 V             ; -0.0607 V          ; 0.271 V                             ; 0.095 V                             ; 2.93e-10 s                 ; 3.92e-10 s                 ; No                        ; Yes                       ;
; columns[1]   ; 2.5 V        ; 0 s                 ; 0 s                 ; 2.32 V                       ; 1.17e-08 V                   ; 2.42 V              ; -0.0619 V           ; 0.272 V                              ; 0.096 V                              ; 2.93e-10 s                  ; 3.92e-10 s                  ; No                         ; Yes                        ; 2.32 V                      ; 1.17e-08 V                  ; 2.42 V             ; -0.0619 V          ; 0.272 V                             ; 0.096 V                             ; 2.93e-10 s                 ; 3.92e-10 s                 ; No                        ; Yes                       ;
; columns[2]   ; 2.5 V        ; 0 s                 ; 0 s                 ; 2.32 V                       ; 1.17e-08 V                   ; 2.42 V              ; -0.0607 V           ; 0.271 V                              ; 0.095 V                              ; 2.93e-10 s                  ; 3.92e-10 s                  ; No                         ; Yes                        ; 2.32 V                      ; 1.17e-08 V                  ; 2.42 V             ; -0.0607 V          ; 0.271 V                             ; 0.095 V                             ; 2.93e-10 s                 ; 3.92e-10 s                 ; No                        ; Yes                       ;
; columns[3]   ; 2.5 V        ; 0 s                 ; 0 s                 ; 2.32 V                       ; 1.17e-08 V                   ; 2.42 V              ; -0.0619 V           ; 0.272 V                              ; 0.096 V                              ; 2.93e-10 s                  ; 3.92e-10 s                  ; No                         ; Yes                        ; 2.32 V                      ; 1.17e-08 V                  ; 2.42 V             ; -0.0619 V          ; 0.272 V                             ; 0.096 V                             ; 2.93e-10 s                 ; 3.92e-10 s                 ; No                        ; Yes                       ;
; output[0]    ; 2.5 V        ; 0 s                 ; 0 s                 ; 2.32 V                       ; 1.17e-08 V                   ; 2.42 V              ; -0.0619 V           ; 0.272 V                              ; 0.096 V                              ; 2.93e-10 s                  ; 3.92e-10 s                  ; No                         ; Yes                        ; 2.32 V                      ; 1.17e-08 V                  ; 2.42 V             ; -0.0619 V          ; 0.272 V                             ; 0.096 V                             ; 2.93e-10 s                 ; 3.92e-10 s                 ; No                        ; Yes                       ;
; output[1]    ; 2.5 V        ; 0 s                 ; 0 s                 ; 2.32 V                       ; 1.17e-08 V                   ; 2.42 V              ; -0.0607 V           ; 0.271 V                              ; 0.095 V                              ; 2.93e-10 s                  ; 3.92e-10 s                  ; No                         ; Yes                        ; 2.32 V                      ; 1.17e-08 V                  ; 2.42 V             ; -0.0607 V          ; 0.271 V                             ; 0.095 V                             ; 2.93e-10 s                 ; 3.92e-10 s                 ; No                        ; Yes                       ;
; output[2]    ; 2.5 V        ; 0 s                 ; 0 s                 ; 2.32 V                       ; 1.17e-08 V                   ; 2.42 V              ; -0.0607 V           ; 0.271 V                              ; 0.095 V                              ; 2.93e-10 s                  ; 3.92e-10 s                  ; No                         ; Yes                        ; 2.32 V                      ; 1.17e-08 V                  ; 2.42 V             ; -0.0607 V          ; 0.271 V                             ; 0.095 V                             ; 2.93e-10 s                 ; 3.92e-10 s                 ; No                        ; Yes                       ;
; output[3]    ; 2.5 V        ; 0 s                 ; 0 s                 ; 2.32 V                       ; 1.17e-08 V                   ; 2.42 V              ; -0.0619 V           ; 0.272 V                              ; 0.096 V                              ; 2.93e-10 s                  ; 3.92e-10 s                  ; No                         ; Yes                        ; 2.32 V                      ; 1.17e-08 V                  ; 2.42 V             ; -0.0619 V          ; 0.272 V                             ; 0.096 V                             ; 2.93e-10 s                 ; 3.92e-10 s                 ; No                        ; Yes                       ;
; Dval         ; 2.5 V        ; 0 s                 ; 0 s                 ; 2.32 V                       ; 1.17e-08 V                   ; 2.42 V              ; -0.0619 V           ; 0.272 V                              ; 0.096 V                              ; 2.93e-10 s                  ; 3.92e-10 s                  ; No                         ; Yes                        ; 2.32 V                      ; 1.17e-08 V                  ; 2.42 V             ; -0.0619 V          ; 0.272 V                             ; 0.096 V                             ; 2.93e-10 s                 ; 3.92e-10 s                 ; No                        ; Yes                       ;
; ~ALTERA_TDO~ ; 2.5 V        ; 0 s                 ; 0 s                 ; 2.32 V                       ; 1.97e-08 V                   ; 2.4 V               ; -0.023 V            ; 0.201 V                              ; 0.081 V                              ; 4.59e-10 s                  ; 5.51e-10 s                  ; No                         ; Yes                        ; 2.32 V                      ; 1.97e-08 V                  ; 2.4 V              ; -0.023 V           ; 0.201 V                             ; 0.081 V                             ; 4.59e-10 s                 ; 5.51e-10 s                 ; No                        ; Yes                       ;
+--------------+--------------+---------------------+---------------------+------------------------------+------------------------------+---------------------+---------------------+--------------------------------------+--------------------------------------+-----------------------------+-----------------------------+----------------------------+----------------------------+-----------------------------+-----------------------------+--------------------+--------------------+-------------------------------------+-------------------------------------+----------------------------+----------------------------+---------------------------+---------------------------+


+-------------------------------------------------------------------------------------------------------------------------------------------------------------------------------------------------------------------------------------------------------------------------------------------------------------------------------------------------------------------------------------------------------------------------------------------------------------------------------------------------------------------------------------------------------------------------------------------------------------------------------------------------------------------------------------------+
; Signal Integrity Metrics (Slow 1200mv 85c Model)                                                                                                                                                                                                                                                                                                                                                                                                                                                                                                                                                                                                                                          ;
+--------------+--------------+---------------------+---------------------+------------------------------+------------------------------+---------------------+---------------------+--------------------------------------+--------------------------------------+-----------------------------+-----------------------------+----------------------------+----------------------------+-----------------------------+-----------------------------+--------------------+--------------------+-------------------------------------+-------------------------------------+----------------------------+----------------------------+---------------------------+---------------------------+
; Pin          ; I/O Standard ; Board Delay on Rise ; Board Delay on Fall ; Steady State Voh at FPGA Pin ; Steady State Vol at FPGA Pin ; Voh Max at FPGA Pin ; Vol Min at FPGA Pin ; Ringback Voltage on Rise at FPGA Pin ; Ringback Voltage on Fall at FPGA Pin ; 10-90 Rise Time at FPGA Pin ; 90-10 Fall Time at FPGA Pin ; Monotonic Rise at FPGA Pin ; Monotonic Fall at FPGA Pin ; Steady State Voh at Far-end ; Steady State Vol at Far-end ; Voh Max at Far-end ; Vol Min at Far-end ; Ringback Voltage on Rise at Far-end ; Ringback Voltage on Fall at Far-end ; 10-90 Rise Time at Far-end ; 90-10 Fall Time at Far-end ; Monotonic Rise at Far-end ; Monotonic Fall at Far-end ;
+--------------+--------------+---------------------+---------------------+------------------------------+------------------------------+---------------------+---------------------+--------------------------------------+--------------------------------------+-----------------------------+-----------------------------+----------------------------+----------------------------+-----------------------------+-----------------------------+--------------------+--------------------+-------------------------------------+-------------------------------------+----------------------------+----------------------------+---------------------------+---------------------------+
; columns[0]   ; 2.5 V        ; 0 s                 ; 0 s                 ; 2.32 V                       ; 1.79e-06 V                   ; 2.38 V              ; -0.041 V            ; 0.145 V                              ; 0.14 V                               ; 4.54e-10 s                  ; 4.3e-10 s                   ; No                         ; Yes                        ; 2.32 V                      ; 1.79e-06 V                  ; 2.38 V             ; -0.041 V           ; 0.145 V                             ; 0.14 V                              ; 4.54e-10 s                 ; 4.3e-10 s                  ; No                        ; Yes                       ;
; columns[1]   ; 2.5 V        ; 0 s                 ; 0 s                 ; 2.32 V                       ; 1.79e-06 V                   ; 2.38 V              ; -0.0389 V           ; 0.145 V                              ; 0.139 V                              ; 4.54e-10 s                  ; 4.3e-10 s                   ; No                         ; Yes                        ; 2.32 V                      ; 1.79e-06 V                  ; 2.38 V             ; -0.0389 V          ; 0.145 V                             ; 0.139 V                             ; 4.54e-10 s                 ; 4.3e-10 s                  ; No                        ; Yes                       ;
; columns[2]   ; 2.5 V        ; 0 s                 ; 0 s                 ; 2.32 V                       ; 1.79e-06 V                   ; 2.38 V              ; -0.041 V            ; 0.145 V                              ; 0.14 V                               ; 4.54e-10 s                  ; 4.3e-10 s                   ; No                         ; Yes                        ; 2.32 V                      ; 1.79e-06 V                  ; 2.38 V             ; -0.041 V           ; 0.145 V                             ; 0.14 V                              ; 4.54e-10 s                 ; 4.3e-10 s                  ; No                        ; Yes                       ;
; columns[3]   ; 2.5 V        ; 0 s                 ; 0 s                 ; 2.32 V                       ; 1.79e-06 V                   ; 2.38 V              ; -0.0389 V           ; 0.145 V                              ; 0.139 V                              ; 4.54e-10 s                  ; 4.3e-10 s                   ; No                         ; Yes                        ; 2.32 V                      ; 1.79e-06 V                  ; 2.38 V             ; -0.0389 V          ; 0.145 V                             ; 0.139 V                             ; 4.54e-10 s                 ; 4.3e-10 s                  ; No                        ; Yes                       ;
; output[0]    ; 2.5 V        ; 0 s                 ; 0 s                 ; 2.32 V                       ; 1.79e-06 V                   ; 2.38 V              ; -0.0389 V           ; 0.145 V                              ; 0.139 V                              ; 4.54e-10 s                  ; 4.3e-10 s                   ; No                         ; Yes                        ; 2.32 V                      ; 1.79e-06 V                  ; 2.38 V             ; -0.0389 V          ; 0.145 V                             ; 0.139 V                             ; 4.54e-10 s                 ; 4.3e-10 s                  ; No                        ; Yes                       ;
; output[1]    ; 2.5 V        ; 0 s                 ; 0 s                 ; 2.32 V                       ; 1.79e-06 V                   ; 2.38 V              ; -0.041 V            ; 0.145 V                              ; 0.14 V                               ; 4.54e-10 s                  ; 4.3e-10 s                   ; No                         ; Yes                        ; 2.32 V                      ; 1.79e-06 V                  ; 2.38 V             ; -0.041 V           ; 0.145 V                             ; 0.14 V                              ; 4.54e-10 s                 ; 4.3e-10 s                  ; No                        ; Yes                       ;
; output[2]    ; 2.5 V        ; 0 s                 ; 0 s                 ; 2.32 V                       ; 1.79e-06 V                   ; 2.38 V              ; -0.041 V            ; 0.145 V                              ; 0.14 V                               ; 4.54e-10 s                  ; 4.3e-10 s                   ; No                         ; Yes                        ; 2.32 V                      ; 1.79e-06 V                  ; 2.38 V             ; -0.041 V           ; 0.145 V                             ; 0.14 V                              ; 4.54e-10 s                 ; 4.3e-10 s                  ; No                        ; Yes                       ;
; output[3]    ; 2.5 V        ; 0 s                 ; 0 s                 ; 2.32 V                       ; 1.79e-06 V                   ; 2.38 V              ; -0.0389 V           ; 0.145 V                              ; 0.139 V                              ; 4.54e-10 s                  ; 4.3e-10 s                   ; No                         ; Yes                        ; 2.32 V                      ; 1.79e-06 V                  ; 2.38 V             ; -0.0389 V          ; 0.145 V                             ; 0.139 V                             ; 4.54e-10 s                 ; 4.3e-10 s                  ; No                        ; Yes                       ;
; Dval         ; 2.5 V        ; 0 s                 ; 0 s                 ; 2.32 V                       ; 1.79e-06 V                   ; 2.38 V              ; -0.0389 V           ; 0.145 V                              ; 0.139 V                              ; 4.54e-10 s                  ; 4.3e-10 s                   ; No                         ; Yes                        ; 2.32 V                      ; 1.79e-06 V                  ; 2.38 V             ; -0.0389 V          ; 0.145 V                             ; 0.139 V                             ; 4.54e-10 s                 ; 4.3e-10 s                  ; No                        ; Yes                       ;
; ~ALTERA_TDO~ ; 2.5 V        ; 0 s                 ; 0 s                 ; 2.32 V                       ; 3.04e-06 V                   ; 2.37 V              ; -0.0108 V           ; 0.13 V                               ; 0.066 V                              ; 6.32e-10 s                  ; 6.45e-10 s                  ; No                         ; Yes                        ; 2.32 V                      ; 3.04e-06 V                  ; 2.37 V             ; -0.0108 V          ; 0.13 V                              ; 0.066 V                             ; 6.32e-10 s                 ; 6.45e-10 s                 ; No                        ; Yes                       ;
+--------------+--------------+---------------------+---------------------+------------------------------+------------------------------+---------------------+---------------------+--------------------------------------+--------------------------------------+-----------------------------+-----------------------------+----------------------------+----------------------------+-----------------------------+-----------------------------+--------------------+--------------------+-------------------------------------+-------------------------------------+----------------------------+----------------------------+---------------------------+---------------------------+


+-------------------------------------------------------------------------------------------------------------------------------------------------------------------------------------------------------------------------------------------------------------------------------------------------------------------------------------------------------------------------------------------------------------------------------------------------------------------------------------------------------------------------------------------------------------------------------------------------------------------------------------------------------------------------------------------+
; Signal Integrity Metrics (Fast 1200mv 0c Model)                                                                                                                                                                                                                                                                                                                                                                                                                                                                                                                                                                                                                                           ;
+--------------+--------------+---------------------+---------------------+------------------------------+------------------------------+---------------------+---------------------+--------------------------------------+--------------------------------------+-----------------------------+-----------------------------+----------------------------+----------------------------+-----------------------------+-----------------------------+--------------------+--------------------+-------------------------------------+-------------------------------------+----------------------------+----------------------------+---------------------------+---------------------------+
; Pin          ; I/O Standard ; Board Delay on Rise ; Board Delay on Fall ; Steady State Voh at FPGA Pin ; Steady State Vol at FPGA Pin ; Voh Max at FPGA Pin ; Vol Min at FPGA Pin ; Ringback Voltage on Rise at FPGA Pin ; Ringback Voltage on Fall at FPGA Pin ; 10-90 Rise Time at FPGA Pin ; 90-10 Fall Time at FPGA Pin ; Monotonic Rise at FPGA Pin ; Monotonic Fall at FPGA Pin ; Steady State Voh at Far-end ; Steady State Vol at Far-end ; Voh Max at Far-end ; Vol Min at Far-end ; Ringback Voltage on Rise at Far-end ; Ringback Voltage on Fall at Far-end ; 10-90 Rise Time at Far-end ; 90-10 Fall Time at Far-end ; Monotonic Rise at Far-end ; Monotonic Fall at Far-end ;
+--------------+--------------+---------------------+---------------------+------------------------------+------------------------------+---------------------+---------------------+--------------------------------------+--------------------------------------+-----------------------------+-----------------------------+----------------------------+----------------------------+-----------------------------+-----------------------------+--------------------+--------------------+-------------------------------------+-------------------------------------+----------------------------+----------------------------+---------------------------+---------------------------+
; columns[0]   ; 2.5 V        ; 0 s                 ; 0 s                 ; 2.62 V                       ; 9.94e-08 V                   ; 2.78 V              ; -0.0444 V           ; 0.25 V                               ; 0.107 V                              ; 2.67e-10 s                  ; 2.75e-10 s                  ; No                         ; Yes                        ; 2.62 V                      ; 9.94e-08 V                  ; 2.78 V             ; -0.0444 V          ; 0.25 V                              ; 0.107 V                             ; 2.67e-10 s                 ; 2.75e-10 s                 ; No                        ; Yes                       ;
; columns[1]   ; 2.5 V        ; 0 s                 ; 0 s                 ; 2.62 V                       ; 9.95e-08 V                   ; 2.78 V              ; -0.0452 V           ; 0.248 V                              ; 0.108 V                              ; 2.67e-10 s                  ; 2.75e-10 s                  ; No                         ; Yes                        ; 2.62 V                      ; 9.95e-08 V                  ; 2.78 V             ; -0.0452 V          ; 0.248 V                             ; 0.108 V                             ; 2.67e-10 s                 ; 2.75e-10 s                 ; No                        ; Yes                       ;
; columns[2]   ; 2.5 V        ; 0 s                 ; 0 s                 ; 2.62 V                       ; 9.94e-08 V                   ; 2.78 V              ; -0.0444 V           ; 0.25 V                               ; 0.107 V                              ; 2.67e-10 s                  ; 2.75e-10 s                  ; No                         ; Yes                        ; 2.62 V                      ; 9.94e-08 V                  ; 2.78 V             ; -0.0444 V          ; 0.25 V                              ; 0.107 V                             ; 2.67e-10 s                 ; 2.75e-10 s                 ; No                        ; Yes                       ;
; columns[3]   ; 2.5 V        ; 0 s                 ; 0 s                 ; 2.62 V                       ; 9.95e-08 V                   ; 2.78 V              ; -0.0452 V           ; 0.248 V                              ; 0.108 V                              ; 2.67e-10 s                  ; 2.75e-10 s                  ; No                         ; Yes                        ; 2.62 V                      ; 9.95e-08 V                  ; 2.78 V             ; -0.0452 V          ; 0.248 V                             ; 0.108 V                             ; 2.67e-10 s                 ; 2.75e-10 s                 ; No                        ; Yes                       ;
; output[0]    ; 2.5 V        ; 0 s                 ; 0 s                 ; 2.62 V                       ; 9.95e-08 V                   ; 2.78 V              ; -0.0452 V           ; 0.248 V                              ; 0.108 V                              ; 2.67e-10 s                  ; 2.75e-10 s                  ; No                         ; Yes                        ; 2.62 V                      ; 9.95e-08 V                  ; 2.78 V             ; -0.0452 V          ; 0.248 V                             ; 0.108 V                             ; 2.67e-10 s                 ; 2.75e-10 s                 ; No                        ; Yes                       ;
; output[1]    ; 2.5 V        ; 0 s                 ; 0 s                 ; 2.62 V                       ; 9.94e-08 V                   ; 2.78 V              ; -0.0444 V           ; 0.25 V                               ; 0.107 V                              ; 2.67e-10 s                  ; 2.75e-10 s                  ; No                         ; Yes                        ; 2.62 V                      ; 9.94e-08 V                  ; 2.78 V             ; -0.0444 V          ; 0.25 V                              ; 0.107 V                             ; 2.67e-10 s                 ; 2.75e-10 s                 ; No                        ; Yes                       ;
; output[2]    ; 2.5 V        ; 0 s                 ; 0 s                 ; 2.62 V                       ; 9.94e-08 V                   ; 2.78 V              ; -0.0444 V           ; 0.25 V                               ; 0.107 V                              ; 2.67e-10 s                  ; 2.75e-10 s                  ; No                         ; Yes                        ; 2.62 V                      ; 9.94e-08 V                  ; 2.78 V             ; -0.0444 V          ; 0.25 V                              ; 0.107 V                             ; 2.67e-10 s                 ; 2.75e-10 s                 ; No                        ; Yes                       ;
; output[3]    ; 2.5 V        ; 0 s                 ; 0 s                 ; 2.62 V                       ; 9.95e-08 V                   ; 2.78 V              ; -0.0452 V           ; 0.248 V                              ; 0.108 V                              ; 2.67e-10 s                  ; 2.75e-10 s                  ; No                         ; Yes                        ; 2.62 V                      ; 9.95e-08 V                  ; 2.78 V             ; -0.0452 V          ; 0.248 V                             ; 0.108 V                             ; 2.67e-10 s                 ; 2.75e-10 s                 ; No                        ; Yes                       ;
; Dval         ; 2.5 V        ; 0 s                 ; 0 s                 ; 2.62 V                       ; 9.95e-08 V                   ; 2.78 V              ; -0.0452 V           ; 0.248 V                              ; 0.108 V                              ; 2.67e-10 s                  ; 2.75e-10 s                  ; No                         ; Yes                        ; 2.62 V                      ; 9.95e-08 V                  ; 2.78 V             ; -0.0452 V          ; 0.248 V                             ; 0.108 V                             ; 2.67e-10 s                 ; 2.75e-10 s                 ; No                        ; Yes                       ;
; ~ALTERA_TDO~ ; 2.5 V        ; 0 s                 ; 0 s                 ; 2.62 V                       ; 1.68e-07 V                   ; 2.73 V              ; -0.0395 V           ; 0.361 V                              ; 0.109 V                              ; 3.1e-10 s                   ; 4.41e-10 s                  ; No                         ; Yes                        ; 2.62 V                      ; 1.68e-07 V                  ; 2.73 V             ; -0.0395 V          ; 0.361 V                             ; 0.109 V                             ; 3.1e-10 s                  ; 4.41e-10 s                 ; No                        ; Yes                       ;
+--------------+--------------+---------------------+---------------------+------------------------------+------------------------------+---------------------+---------------------+--------------------------------------+--------------------------------------+-----------------------------+-----------------------------+----------------------------+----------------------------+-----------------------------+-----------------------------+--------------------+--------------------+-------------------------------------+-------------------------------------+----------------------------+----------------------------+---------------------------+---------------------------+


+-------------------------------------------------------------------------------------------------------------------------------------------------------------------------------------------------------------------------------------------------------------+
; Setup Transfers                                                                                                                                                                                                                                             ;
+--------------------------------------------------------------------------------------------------------+--------------------------------------------------------------------------------------------------------+----------+----------+----------+----------+
; From Clock                                                                                             ; To Clock                                                                                               ; RR Paths ; FR Paths ; RF Paths ; FF Paths ;
+--------------------------------------------------------------------------------------------------------+--------------------------------------------------------------------------------------------------------+----------+----------+----------+----------+
; CLK                                                                                                    ; CLK                                                                                                    ; 1119     ; 0        ; 0        ; 0        ;
; Key_decode:instance_key_decode|clock_divisor:clkdivider|tmp                                            ; CLK                                                                                                    ; 7        ; 1        ; 0        ; 0        ;
; RingBuffer:instance_ring_buffer|Ring_Buffer_Control:inst_ringBufferControl|CurrentState.Data_Delivered ; CLK                                                                                                    ; 130      ; 130      ; 0        ; 0        ;
; Key_decode:instance_key_decode|clock_divisor:clkdivider|tmp                                            ; Key_decode:instance_key_decode|clock_divisor:clkdivider|tmp                                            ; 11       ; 0        ; 0        ; 0        ;
; Key_decode:instance_key_decode|KeyControl:keycontrols|CurrentState.State_Scan_Lines                    ; Key_decode:instance_key_decode|clock_divisor:clkdivider|tmp                                            ; 1        ; 1        ; 0        ; 0        ;
; Key_decode:instance_key_decode|clock_divisor:clkdivider|tmp                                            ; RingBuffer:instance_ring_buffer|Ring_Buffer_Control:inst_ringBufferControl|CurrentState.Data_Delivered ; 58       ; 0        ; 58       ; 0        ;
; Key_decode:instance_key_decode|KeyControl:keycontrols|CurrentState.State_Scan_Lines                    ; RingBuffer:instance_ring_buffer|Ring_Buffer_Control:inst_ringBufferControl|CurrentState.Data_Delivered ; 58       ; 0        ; 58       ; 0        ;
+--------------------------------------------------------------------------------------------------------+--------------------------------------------------------------------------------------------------------+----------+----------+----------+----------+
Entries labeled "false path" only account for clock-to-clock false paths and not path-based false paths. As a result, actual path counts may be lower than reported.


+-------------------------------------------------------------------------------------------------------------------------------------------------------------------------------------------------------------------------------------------------------------+
; Hold Transfers                                                                                                                                                                                                                                              ;
+--------------------------------------------------------------------------------------------------------+--------------------------------------------------------------------------------------------------------+----------+----------+----------+----------+
; From Clock                                                                                             ; To Clock                                                                                               ; RR Paths ; FR Paths ; RF Paths ; FF Paths ;
+--------------------------------------------------------------------------------------------------------+--------------------------------------------------------------------------------------------------------+----------+----------+----------+----------+
; CLK                                                                                                    ; CLK                                                                                                    ; 1119     ; 0        ; 0        ; 0        ;
; Key_decode:instance_key_decode|clock_divisor:clkdivider|tmp                                            ; CLK                                                                                                    ; 7        ; 1        ; 0        ; 0        ;
; RingBuffer:instance_ring_buffer|Ring_Buffer_Control:inst_ringBufferControl|CurrentState.Data_Delivered ; CLK                                                                                                    ; 130      ; 130      ; 0        ; 0        ;
; Key_decode:instance_key_decode|clock_divisor:clkdivider|tmp                                            ; Key_decode:instance_key_decode|clock_divisor:clkdivider|tmp                                            ; 11       ; 0        ; 0        ; 0        ;
; Key_decode:instance_key_decode|KeyControl:keycontrols|CurrentState.State_Scan_Lines                    ; Key_decode:instance_key_decode|clock_divisor:clkdivider|tmp                                            ; 1        ; 1        ; 0        ; 0        ;
; Key_decode:instance_key_decode|clock_divisor:clkdivider|tmp                                            ; RingBuffer:instance_ring_buffer|Ring_Buffer_Control:inst_ringBufferControl|CurrentState.Data_Delivered ; 58       ; 0        ; 58       ; 0        ;
; Key_decode:instance_key_decode|KeyControl:keycontrols|CurrentState.State_Scan_Lines                    ; RingBuffer:instance_ring_buffer|Ring_Buffer_Control:inst_ringBufferControl|CurrentState.Data_Delivered ; 58       ; 0        ; 58       ; 0        ;
+--------------------------------------------------------------------------------------------------------+--------------------------------------------------------------------------------------------------------+----------+----------+----------+----------+
Entries labeled "false path" only account for clock-to-clock false paths and not path-based false paths. As a result, actual path counts may be lower than reported.


---------------
; Report TCCS ;
---------------
No dedicated SERDES Transmitter circuitry present in device or used in design


---------------
; Report RSKM ;
---------------
No non-DPA dedicated SERDES Receiver circuitry present in device or used in design


+------------------------------------------------+
; Unconstrained Paths Summary                    ;
+---------------------------------+-------+------+
; Property                        ; Setup ; Hold ;
+---------------------------------+-------+------+
; Illegal Clocks                  ; 0     ; 0    ;
; Unconstrained Clocks            ; 0     ; 0    ;
; Unconstrained Input Ports       ; 6     ; 6    ;
; Unconstrained Input Port Paths  ; 67    ; 67   ;
; Unconstrained Output Ports      ; 9     ; 9    ;
; Unconstrained Output Port Paths ; 14    ; 14   ;
+---------------------------------+-------+------+


+--------------------------------------------------------------------------------------------------------------------------------------------------------------------------------------------------------------------------------------+
; Clock Status Summary                                                                                                                                                                                                                 ;
+--------------------------------------------------------------------------------------------------------+--------------------------------------------------------------------------------------------------------+------+-------------+
; Target                                                                                                 ; Clock                                                                                                  ; Type ; Status      ;
+--------------------------------------------------------------------------------------------------------+--------------------------------------------------------------------------------------------------------+------+-------------+
; CLK                                                                                                    ; CLK                                                                                                    ; Base ; Constrained ;
; Key_decode:instance_key_decode|KeyControl:keycontrols|CurrentState.State_Scan_Lines                    ; Key_decode:instance_key_decode|KeyControl:keycontrols|CurrentState.State_Scan_Lines                    ; Base ; Constrained ;
; Key_decode:instance_key_decode|clock_divisor:clkdivider|tmp                                            ; Key_decode:instance_key_decode|clock_divisor:clkdivider|tmp                                            ; Base ; Constrained ;
; RingBuffer:instance_ring_buffer|Ring_Buffer_Control:inst_ringBufferControl|CurrentState.Data_Delivered ; RingBuffer:instance_ring_buffer|Ring_Buffer_Control:inst_ringBufferControl|CurrentState.Data_Delivered ; Base ; Constrained ;
+--------------------------------------------------------------------------------------------------------+--------------------------------------------------------------------------------------------------------+------+-------------+


+----------------------------------------------------------------------------------------------------+
; Unconstrained Input Ports                                                                          ;
+-------------+--------------------------------------------------------------------------------------+
; Input Port  ; Comment                                                                              ;
+-------------+--------------------------------------------------------------------------------------+
; Reset       ; No input delay, min/max delays, false-path exceptions, or max skew assignments found ;
; ack_control ; No input delay, min/max delays, false-path exceptions, or max skew assignments found ;
; lines[0]    ; No input delay, min/max delays, false-path exceptions, or max skew assignments found ;
; lines[1]    ; No input delay, min/max delays, false-path exceptions, or max skew assignments found ;
; lines[2]    ; No input delay, min/max delays, false-path exceptions, or max skew assignments found ;
; lines[3]    ; No input delay, min/max delays, false-path exceptions, or max skew assignments found ;
+-------------+--------------------------------------------------------------------------------------+


+-----------------------------------------------------------------------------------------------------+
; Unconstrained Output Ports                                                                          ;
+-------------+---------------------------------------------------------------------------------------+
; Output Port ; Comment                                                                               ;
+-------------+---------------------------------------------------------------------------------------+
; Dval        ; No output delay, min/max delays, false-path exceptions, or max skew assignments found ;
; columns[0]  ; No output delay, min/max delays, false-path exceptions, or max skew assignments found ;
; columns[1]  ; No output delay, min/max delays, false-path exceptions, or max skew assignments found ;
; columns[2]  ; No output delay, min/max delays, false-path exceptions, or max skew assignments found ;
; columns[3]  ; No output delay, min/max delays, false-path exceptions, or max skew assignments found ;
; output[0]   ; No output delay, min/max delays, false-path exceptions, or max skew assignments found ;
; output[1]   ; No output delay, min/max delays, false-path exceptions, or max skew assignments found ;
; output[2]   ; No output delay, min/max delays, false-path exceptions, or max skew assignments found ;
; output[3]   ; No output delay, min/max delays, false-path exceptions, or max skew assignments found ;
+-------------+---------------------------------------------------------------------------------------+


+----------------------------------------------------------------------------------------------------+
; Unconstrained Input Ports                                                                          ;
+-------------+--------------------------------------------------------------------------------------+
; Input Port  ; Comment                                                                              ;
+-------------+--------------------------------------------------------------------------------------+
; Reset       ; No input delay, min/max delays, false-path exceptions, or max skew assignments found ;
; ack_control ; No input delay, min/max delays, false-path exceptions, or max skew assignments found ;
; lines[0]    ; No input delay, min/max delays, false-path exceptions, or max skew assignments found ;
; lines[1]    ; No input delay, min/max delays, false-path exceptions, or max skew assignments found ;
; lines[2]    ; No input delay, min/max delays, false-path exceptions, or max skew assignments found ;
; lines[3]    ; No input delay, min/max delays, false-path exceptions, or max skew assignments found ;
+-------------+--------------------------------------------------------------------------------------+


+-----------------------------------------------------------------------------------------------------+
; Unconstrained Output Ports                                                                          ;
+-------------+---------------------------------------------------------------------------------------+
; Output Port ; Comment                                                                               ;
+-------------+---------------------------------------------------------------------------------------+
; Dval        ; No output delay, min/max delays, false-path exceptions, or max skew assignments found ;
; columns[0]  ; No output delay, min/max delays, false-path exceptions, or max skew assignments found ;
; columns[1]  ; No output delay, min/max delays, false-path exceptions, or max skew assignments found ;
; columns[2]  ; No output delay, min/max delays, false-path exceptions, or max skew assignments found ;
; columns[3]  ; No output delay, min/max delays, false-path exceptions, or max skew assignments found ;
; output[0]   ; No output delay, min/max delays, false-path exceptions, or max skew assignments found ;
; output[1]   ; No output delay, min/max delays, false-path exceptions, or max skew assignments found ;
; output[2]   ; No output delay, min/max delays, false-path exceptions, or max skew assignments found ;
; output[3]   ; No output delay, min/max delays, false-path exceptions, or max skew assignments found ;
+-------------+---------------------------------------------------------------------------------------+


+--------------------------+
; Timing Analyzer Messages ;
+--------------------------+
Info: *******************************************************************
Info: Running Quartus Prime Timing Analyzer
    Info: Version 20.1.1 Build 720 11/11/2020 SJ Lite Edition
    Info: Processing started: Tue May 27 20:01:13 2025
Info: Command: quartus_sta roulette -c roulette
Info: qsta_default_script.tcl version: #1
Warning (20013): Ignored 24 assignments for entity "testeSerial" -- entity does not exist in design
    Warning (20014): Assignment for entity set_instance_assignment -name PARTITION_HIERARCHY root_partition -to | -entity testeSerial -section_id Top was ignored
    Warning (20014): Assignment for entity set_global_assignment -name PARTITION_NETLIST_TYPE SOURCE -entity testeSerial -section_id Top was ignored
    Warning (20014): Assignment for entity set_global_assignment -name PARTITION_FITTER_PRESERVATION_LEVEL PLACEMENT_AND_ROUTING -entity testeSerial -section_id Top was ignored
    Warning (20014): Assignment for entity set_global_assignment -name PARTITION_PRESERVE_HIGH_SPEED_TILES ON -entity testeSerial -section_id Top was ignored
    Warning (20014): Assignment for entity set_global_assignment -name PARTITION_IGNORE_SOURCE_FILE_CHANGES OFF -entity testeSerial -section_id Top was ignored
    Warning (20014): Assignment for entity set_global_assignment -name PARTITION_ALWAYS_USE_QXP_NETLIST OFF -entity testeSerial -section_id Top was ignored
    Warning (20014): Assignment for entity set_global_assignment -name PARTITION_COLOR 16764057 -entity testeSerial -section_id Top was ignored
    Warning (20014): Assignment for entity set_global_assignment -name PARTITION_IMPORT_ASSIGNMENTS ON -entity testeSerial -section_id Top was ignored
    Warning (20014): Assignment for entity set_global_assignment -name PARTITION_IMPORT_EXISTING_ASSIGNMENTS REPLACE_CONFLICTING -entity testeSerial -section_id Top was ignored
    Warning (20014): Assignment for entity set_global_assignment -name PARTITION_IMPORT_EXISTING_LOGICLOCK_REGIONS UPDATE_CONFLICTING -entity testeSerial -section_id Top was ignored
    Warning (20014): Assignment for entity set_global_assignment -name PARTITION_IMPORT_PIN_ASSIGNMENTS ON -entity testeSerial -section_id Top was ignored
    Warning (20014): Assignment for entity set_global_assignment -name PARTITION_IMPORT_PROMOTE_ASSIGNMENTS ON -entity testeSerial -section_id Top was ignored
    Warning (20014): Assignment for entity set_global_assignment -name PARTITION_TYPE STANDARD_PARTITION -entity testeSerial -section_id Top was ignored
    Warning (20014): Assignment for entity set_global_assignment -name ALLOW_MULTIPLE_PERSONAS OFF -entity testeSerial -section_id Top was ignored
    Warning (20014): Assignment for entity set_global_assignment -name PARTITION_ASD_REGION_ID 1 -entity testeSerial -section_id Top was ignored
    Warning (20014): Assignment for entity set_global_assignment -name CROSS_BOUNDARY_OPTIMIZATIONS OFF -entity testeSerial -section_id Top was ignored
    Warning (20014): Assignment for entity set_global_assignment -name PROPAGATE_CONSTANTS_ON_INPUTS ON -entity testeSerial -section_id Top was ignored
    Warning (20014): Assignment for entity set_global_assignment -name PROPAGATE_INVERSIONS_ON_INPUTS ON -entity testeSerial -section_id Top was ignored
    Warning (20014): Assignment for entity set_global_assignment -name REMOVE_LOGIC_ON_UNCONNECTED_OUTPUTS ON -entity testeSerial -section_id Top was ignored
    Warning (20014): Assignment for entity set_global_assignment -name MERGE_EQUIVALENT_INPUTS ON -entity testeSerial -section_id Top was ignored
    Warning (20014): Assignment for entity set_global_assignment -name MERGE_EQUIVALENT_BIDIRS ON -entity testeSerial -section_id Top was ignored
    Warning (20014): Assignment for entity set_global_assignment -name ABSORB_PATHS_FROM_OUTPUTS_TO_INPUTS ON -entity testeSerial -section_id Top was ignored
    Warning (20014): Assignment for entity set_global_assignment -name PARTITION_EXTRACT_HARD_BLOCK_NODES ON -entity testeSerial -section_id Top was ignored
    Warning (20014): Assignment for entity set_global_assignment -name PARTITION_ENABLE_STRICT_PRESERVATION OFF -entity testeSerial -section_id Top was ignored
Warning (18236): Number of processors has not been specified which may cause overloading on shared machines.  Set the global assignment NUM_PARALLEL_PROCESSORS in your QSF to an appropriate value for best performance.
Info (20030): Parallel compilation is enabled and will use 16 of the 24 processors detected
Info (21076): High junction temperature operating condition is not set. Assuming a default value of '85'.
Info (21076): Low junction temperature operating condition is not set. Assuming a default value of '0'.
Warning (335093): The Timing Analyzer is analyzing 64 combinational loops as latches. For more details, run the Check Timing command in the Timing Analyzer or view the "User-Specified and Inferred Latches" table in the Analysis & Synthesis report.
Critical Warning (332012): Synopsys Design Constraints File file not found: 'roulette.sdc'. A Synopsys Design Constraints File is required by the Timing Analyzer to get proper timing constraints. Without it, the Compiler will not properly optimize the design.
Info (332142): No user constrained base clocks found in the design. Calling "derive_clocks -period 1.0"
Info (332105): Deriving Clocks
    Info (332105): create_clock -period 1.000 -name CLK CLK
    Info (332105): create_clock -period 1.000 -name Key_decode:instance_key_decode|clock_divisor:clkdivider|tmp Key_decode:instance_key_decode|clock_divisor:clkdivider|tmp
    Info (332105): create_clock -period 1.000 -name RingBuffer:instance_ring_buffer|Ring_Buffer_Control:inst_ringBufferControl|CurrentState.Data_Delivered RingBuffer:instance_ring_buffer|Ring_Buffer_Control:inst_ringBufferControl|CurrentState.Data_Delivered
    Info (332105): create_clock -period 1.000 -name Key_decode:instance_key_decode|KeyControl:keycontrols|CurrentState.State_Scan_Lines Key_decode:instance_key_decode|KeyControl:keycontrols|CurrentState.State_Scan_Lines
Info (332097): The following timing edges are non-unate.  The Timing Analyzer will assume pos-unate behavior for these edges in the clock network.
    Info (332098): Cell: instance_ring_buffer|inst_mac|output_mux|result[0]~1  from: datad  to: combout
    Info (332098): Cell: instance_ring_buffer|inst_mac|output_mux|result[1]~0  from: datad  to: combout
    Info (332098): Cell: instance_ring_buffer|inst_mac|output_mux|result[2]~3  from: datad  to: combout
    Info (332098): Cell: instance_ring_buffer|inst_mac|output_mux|result[3]~2  from: datad  to: combout
Info (332143): No user constrained clock uncertainty found in the design. Calling "derive_clock_uncertainty"
Info (332123): Deriving Clock Uncertainty. Please refer to report_sdc in the Timing Analyzer to see clock uncertainties.
Info: Found TIMING_ANALYZER_REPORT_SCRIPT_INCLUDE_DEFAULT_ANALYSIS = ON
Info: Analyzing Slow 1200mV 85C Model
Info: Can't run Report Timing Closure Recommendations. The current device family is not supported.
Critical Warning (332148): Timing requirements not met
Info (332146): Worst-case setup slack is -7.036
    Info (332119):     Slack       End Point TNS Clock 
    Info (332119): ========= =================== =====================
    Info (332119):    -7.036            -122.368 CLK 
    Info (332119):    -2.314             -95.395 RingBuffer:instance_ring_buffer|Ring_Buffer_Control:inst_ringBufferControl|CurrentState.Data_Delivered 
    Info (332119):    -1.905              -1.951 Key_decode:instance_key_decode|clock_divisor:clkdivider|tmp 
Info (332146): Worst-case hold slack is -0.332
    Info (332119):     Slack       End Point TNS Clock 
    Info (332119): ========= =================== =====================
    Info (332119):    -0.332              -0.836 RingBuffer:instance_ring_buffer|Ring_Buffer_Control:inst_ringBufferControl|CurrentState.Data_Delivered 
    Info (332119):     0.324               0.000 CLK 
    Info (332119):     0.324               0.000 Key_decode:instance_key_decode|clock_divisor:clkdivider|tmp 
Info (332140): No Recovery paths to report
Info (332140): No Removal paths to report
Info (332146): Worst-case minimum pulse width slack is -3.000
    Info (332119):     Slack       End Point TNS Clock 
    Info (332119): ========= =================== =====================
    Info (332119):    -3.000             -77.542 CLK 
    Info (332119):    -1.222              -7.332 Key_decode:instance_key_decode|clock_divisor:clkdivider|tmp 
    Info (332119):    -1.222              -2.444 Key_decode:instance_key_decode|KeyControl:keycontrols|CurrentState.State_Scan_Lines 
    Info (332119):    -0.114              -3.765 RingBuffer:instance_ring_buffer|Ring_Buffer_Control:inst_ringBufferControl|CurrentState.Data_Delivered 
Info (332114): Report Metastability: Found 1 synchronizer chains.
    Info (332114): Design MTBF is not calculated because the design doesn't meet its timing requirements.
Info: Analyzing Slow 1200mV 0C Model
Info (334003): Started post-fitting delay annotation
Warning (334000): Timing characteristics of device 10M50DAF484C6GES are preliminary
Info (334004): Delay annotation completed successfully
Info (332097): The following timing edges are non-unate.  The Timing Analyzer will assume pos-unate behavior for these edges in the clock network.
    Info (332098): Cell: instance_ring_buffer|inst_mac|output_mux|result[0]~1  from: datad  to: combout
    Info (332098): Cell: instance_ring_buffer|inst_mac|output_mux|result[1]~0  from: datad  to: combout
    Info (332098): Cell: instance_ring_buffer|inst_mac|output_mux|result[2]~3  from: datad  to: combout
    Info (332098): Cell: instance_ring_buffer|inst_mac|output_mux|result[3]~2  from: datad  to: combout
Info (332123): Deriving Clock Uncertainty. Please refer to report_sdc in the Timing Analyzer to see clock uncertainties.
Critical Warning (332148): Timing requirements not met
Info (332146): Worst-case setup slack is -6.306
    Info (332119):     Slack       End Point TNS Clock 
    Info (332119): ========= =================== =====================
    Info (332119):    -6.306            -104.935 CLK 
    Info (332119):    -2.093             -86.164 RingBuffer:instance_ring_buffer|Ring_Buffer_Control:inst_ringBufferControl|CurrentState.Data_Delivered 
    Info (332119):    -1.609              -1.609 Key_decode:instance_key_decode|clock_divisor:clkdivider|tmp 
Info (332146): Worst-case hold slack is -0.231
    Info (332119):     Slack       End Point TNS Clock 
    Info (332119): ========= =================== =====================
    Info (332119):    -0.231              -0.267 RingBuffer:instance_ring_buffer|Ring_Buffer_Control:inst_ringBufferControl|CurrentState.Data_Delivered 
    Info (332119):     0.293               0.000 Key_decode:instance_key_decode|clock_divisor:clkdivider|tmp 
    Info (332119):     0.294               0.000 CLK 
Info (332140): No Recovery paths to report
Info (332140): No Removal paths to report
Info (332146): Worst-case minimum pulse width slack is -3.000
    Info (332119):     Slack       End Point TNS Clock 
    Info (332119): ========= =================== =====================
    Info (332119):    -3.000             -77.542 CLK 
    Info (332119):    -1.222              -7.332 Key_decode:instance_key_decode|clock_divisor:clkdivider|tmp 
    Info (332119):    -1.222              -2.444 Key_decode:instance_key_decode|KeyControl:keycontrols|CurrentState.State_Scan_Lines 
    Info (332119):     0.047               0.000 RingBuffer:instance_ring_buffer|Ring_Buffer_Control:inst_ringBufferControl|CurrentState.Data_Delivered 
Info (332114): Report Metastability: Found 1 synchronizer chains.
    Info (332114): Design MTBF is not calculated because the design doesn't meet its timing requirements.
Info: Analyzing Fast 1200mV 0C Model
Info (332097): The following timing edges are non-unate.  The Timing Analyzer will assume pos-unate behavior for these edges in the clock network.
    Info (332098): Cell: instance_ring_buffer|inst_mac|output_mux|result[0]~1  from: datad  to: combout
    Info (332098): Cell: instance_ring_buffer|inst_mac|output_mux|result[1]~0  from: datad  to: combout
    Info (332098): Cell: instance_ring_buffer|inst_mac|output_mux|result[2]~3  from: datad  to: combout
    Info (332098): Cell: instance_ring_buffer|inst_mac|output_mux|result[3]~2  from: datad  to: combout
Info (332123): Deriving Clock Uncertainty. Please refer to report_sdc in the Timing Analyzer to see clock uncertainties.
Critical Warning (332148): Timing requirements not met
Info (332146): Worst-case setup slack is -3.287
    Info (332119):     Slack       End Point TNS Clock 
    Info (332119): ========= =================== =====================
    Info (332119):    -3.287             -34.107 CLK 
    Info (332119):    -0.980             -34.864 RingBuffer:instance_ring_buffer|Ring_Buffer_Control:inst_ringBufferControl|CurrentState.Data_Delivered 
    Info (332119):    -0.812              -0.812 Key_decode:instance_key_decode|clock_divisor:clkdivider|tmp 
Info (332146): Worst-case hold slack is -0.209
    Info (332119):     Slack       End Point TNS Clock 
    Info (332119): ========= =================== =====================
    Info (332119):    -0.209              -0.488 RingBuffer:instance_ring_buffer|Ring_Buffer_Control:inst_ringBufferControl|CurrentState.Data_Delivered 
    Info (332119):     0.053               0.000 CLK 
    Info (332119):     0.148               0.000 Key_decode:instance_key_decode|clock_divisor:clkdivider|tmp 
Info (332140): No Recovery paths to report
Info (332140): No Removal paths to report
Info (332146): Worst-case minimum pulse width slack is -3.000
    Info (332119):     Slack       End Point TNS Clock 
    Info (332119): ========= =================== =====================
    Info (332119):    -3.000             -65.477 CLK 
    Info (332119):    -1.000              -6.000 Key_decode:instance_key_decode|clock_divisor:clkdivider|tmp 
    Info (332119):    -1.000              -2.000 Key_decode:instance_key_decode|KeyControl:keycontrols|CurrentState.State_Scan_Lines 
    Info (332119):     0.031               0.000 RingBuffer:instance_ring_buffer|Ring_Buffer_Control:inst_ringBufferControl|CurrentState.Data_Delivered 
Info (332114): Report Metastability: Found 1 synchronizer chains.
    Info (332114): Design MTBF is not calculated because the design doesn't meet its timing requirements.
Info (332102): Design is not fully constrained for setup requirements
Info (332102): Design is not fully constrained for hold requirements
Info: Quartus Prime Timing Analyzer was successful. 0 errors, 32 warnings
    Info: Peak virtual memory: 4971 megabytes
    Info: Processing ended: Tue May 27 20:01:14 2025
    Info: Elapsed time: 00:00:01
    Info: Total CPU time (on all processors): 00:00:01


