Analysis & Synthesis report for roulette
Tue May 27 16:02:33 2025
Quartus Prime Version 20.1.1 Build 720 11/11/2020 SJ Lite Edition


---------------------
; Table of Contents ;
---------------------
  1. Legal Notice
  2. Analysis & Synthesis Summary
  3. Analysis & Synthesis Settings
  4. Parallel Compilation
  5. Analysis & Synthesis Source Files Read
  6. Analysis & Synthesis Resource Usage Summary
  7. Analysis & Synthesis Resource Utilization by Entity
  8. General Register Statistics
  9. Port Connectivity Checks: "key_scanner:instantiate_key_scanner|register_2bits:Reg"
 10. Port Connectivity Checks: "key_scanner:instantiate_key_scanner|counter_2bits:Contador|register_2bits:instance_registry_2bits|FFD:FFD2"
 11. Port Connectivity Checks: "key_scanner:instantiate_key_scanner|counter_2bits:Contador|register_2bits:instance_registry_2bits|FFD:FFD1"
 12. Port Connectivity Checks: "key_scanner:instantiate_key_scanner|counter_2bits:Contador|register_2bits:instance_registry_2bits"
 13. Port Connectivity Checks: "key_scanner:instantiate_key_scanner|counter_2bits:Contador|adder_2bits:instance_adder_2bits"
 14. Post-Synthesis Netlist Statistics for Top Partition
 15. Elapsed Time Per Partition
 16. Analysis & Synthesis Messages



----------------
; Legal Notice ;
----------------
Copyright (C) 2020  Intel Corporation. All rights reserved.
Your use of Intel Corporation's design tools, logic functions 
and other software and tools, and any partner logic 
functions, and any output files from any of the foregoing 
(including device programming or simulation files), and any 
associated documentation or information are expressly subject 
to the terms and conditions of the Intel Program License 
Subscription Agreement, the Intel Quartus Prime License Agreement,
the Intel FPGA IP License Agreement, or other applicable license
agreement, including, without limitation, that your use is for
the sole purpose of programming logic devices manufactured by
Intel and sold by Intel or its authorized distributors.  Please
refer to the applicable agreement for further details, at
https://fpgasoftware.intel.com/eula.



+----------------------------------------------------------------------------------+
; Analysis & Synthesis Summary                                                     ;
+------------------------------------+---------------------------------------------+
; Analysis & Synthesis Status        ; Successful - Tue May 27 16:02:33 2025       ;
; Quartus Prime Version              ; 20.1.1 Build 720 11/11/2020 SJ Lite Edition ;
; Revision Name                      ; roulette                                    ;
; Top-level Entity Name              ; keyscan_rtb                                 ;
; Family                             ; MAX 10                                      ;
; Total logic elements               ; 9                                           ;
;     Total combinational functions  ; 9                                           ;
;     Dedicated logic registers      ; 4                                           ;
; Total registers                    ; 4                                           ;
; Total pins                         ; 17                                          ;
; Total virtual pins                 ; 0                                           ;
; Total memory bits                  ; 0                                           ;
; Embedded Multiplier 9-bit elements ; 0                                           ;
; Total PLLs                         ; 0                                           ;
; UFM blocks                         ; 0                                           ;
; ADC blocks                         ; 0                                           ;
+------------------------------------+---------------------------------------------+


+------------------------------------------------------------------------------------------------------------+
; Analysis & Synthesis Settings                                                                              ;
+------------------------------------------------------------------+--------------------+--------------------+
; Option                                                           ; Setting            ; Default Value      ;
+------------------------------------------------------------------+--------------------+--------------------+
; Device                                                           ; 10M50DAF484C6GES   ;                    ;
; Top-level entity name                                            ; keyscan_rtb        ; roulette           ;
; Family name                                                      ; MAX 10             ; Cyclone V          ;
; Use smart compilation                                            ; Off                ; Off                ;
; Enable parallel Assembler and Timing Analyzer during compilation ; On                 ; On                 ;
; Enable compact report table                                      ; Off                ; Off                ;
; Restructure Multiplexers                                         ; Auto               ; Auto               ;
; Create Debugging Nodes for IP Cores                              ; Off                ; Off                ;
; Preserve fewer node names                                        ; On                 ; On                 ;
; Intel FPGA IP Evaluation Mode                                    ; Enable             ; Enable             ;
; Verilog Version                                                  ; Verilog_2001       ; Verilog_2001       ;
; VHDL Version                                                     ; VHDL_1993          ; VHDL_1993          ;
; State Machine Processing                                         ; Auto               ; Auto               ;
; Safe State Machine                                               ; Off                ; Off                ;
; Extract Verilog State Machines                                   ; On                 ; On                 ;
; Extract VHDL State Machines                                      ; On                 ; On                 ;
; Ignore Verilog initial constructs                                ; Off                ; Off                ;
; Iteration limit for constant Verilog loops                       ; 5000               ; 5000               ;
; Iteration limit for non-constant Verilog loops                   ; 250                ; 250                ;
; Add Pass-Through Logic to Inferred RAMs                          ; On                 ; On                 ;
; Infer RAMs from Raw Logic                                        ; On                 ; On                 ;
; Parallel Synthesis                                               ; On                 ; On                 ;
; DSP Block Balancing                                              ; Auto               ; Auto               ;
; NOT Gate Push-Back                                               ; On                 ; On                 ;
; Power-Up Don't Care                                              ; On                 ; On                 ;
; Remove Redundant Logic Cells                                     ; Off                ; Off                ;
; Remove Duplicate Registers                                       ; On                 ; On                 ;
; Ignore CARRY Buffers                                             ; Off                ; Off                ;
; Ignore CASCADE Buffers                                           ; Off                ; Off                ;
; Ignore GLOBAL Buffers                                            ; Off                ; Off                ;
; Ignore ROW GLOBAL Buffers                                        ; Off                ; Off                ;
; Ignore LCELL Buffers                                             ; Off                ; Off                ;
; Ignore SOFT Buffers                                              ; On                 ; On                 ;
; Limit AHDL Integers to 32 Bits                                   ; Off                ; Off                ;
; Optimization Technique                                           ; Balanced           ; Balanced           ;
; Carry Chain Length                                               ; 70                 ; 70                 ;
; Auto Carry Chains                                                ; On                 ; On                 ;
; Auto Open-Drain Pins                                             ; On                 ; On                 ;
; Perform WYSIWYG Primitive Resynthesis                            ; Off                ; Off                ;
; Auto ROM Replacement                                             ; On                 ; On                 ;
; Auto RAM Replacement                                             ; On                 ; On                 ;
; Auto DSP Block Replacement                                       ; On                 ; On                 ;
; Auto Shift Register Replacement                                  ; Auto               ; Auto               ;
; Allow Shift Register Merging across Hierarchies                  ; Auto               ; Auto               ;
; Auto Clock Enable Replacement                                    ; On                 ; On                 ;
; Strict RAM Replacement                                           ; Off                ; Off                ;
; Allow Synchronous Control Signals                                ; On                 ; On                 ;
; Force Use of Synchronous Clear Signals                           ; Off                ; Off                ;
; Auto RAM Block Balancing                                         ; On                 ; On                 ;
; Auto RAM to Logic Cell Conversion                                ; Off                ; Off                ;
; Auto Resource Sharing                                            ; Off                ; Off                ;
; Allow Any RAM Size For Recognition                               ; Off                ; Off                ;
; Allow Any ROM Size For Recognition                               ; Off                ; Off                ;
; Allow Any Shift Register Size For Recognition                    ; Off                ; Off                ;
; Use LogicLock Constraints during Resource Balancing              ; On                 ; On                 ;
; Ignore translate_off and synthesis_off directives                ; Off                ; Off                ;
; Timing-Driven Synthesis                                          ; On                 ; On                 ;
; Report Parameter Settings                                        ; On                 ; On                 ;
; Report Source Assignments                                        ; On                 ; On                 ;
; Report Connectivity Checks                                       ; On                 ; On                 ;
; Ignore Maximum Fan-Out Assignments                               ; Off                ; Off                ;
; Synchronization Register Chain Length                            ; 2                  ; 2                  ;
; Power Optimization During Synthesis                              ; Normal compilation ; Normal compilation ;
; HDL message level                                                ; Level2             ; Level2             ;
; Suppress Register Optimization Related Messages                  ; Off                ; Off                ;
; Number of Removed Registers Reported in Synthesis Report         ; 5000               ; 5000               ;
; Number of Swept Nodes Reported in Synthesis Report               ; 5000               ; 5000               ;
; Number of Inverted Registers Reported in Synthesis Report        ; 100                ; 100                ;
; Clock MUX Protection                                             ; On                 ; On                 ;
; Auto Gated Clock Conversion                                      ; Off                ; Off                ;
; Block Design Naming                                              ; Auto               ; Auto               ;
; SDC constraint protection                                        ; Off                ; Off                ;
; Synthesis Effort                                                 ; Auto               ; Auto               ;
; Shift Register Replacement - Allow Asynchronous Clear Signal     ; On                 ; On                 ;
; Pre-Mapping Resynthesis Optimization                             ; Off                ; Off                ;
; Analysis & Synthesis Message Level                               ; Medium             ; Medium             ;
; Disable Register Merging Across Hierarchies                      ; Auto               ; Auto               ;
; Resource Aware Inference For Block RAM                           ; On                 ; On                 ;
+------------------------------------------------------------------+--------------------+--------------------+


+------------------------------------------+
; Parallel Compilation                     ;
+----------------------------+-------------+
; Processors                 ; Number      ;
+----------------------------+-------------+
; Number detected on machine ; 4           ;
; Maximum allowed            ; 2           ;
;                            ;             ;
; Average used               ; 1.00        ;
; Maximum used               ; 2           ;
;                            ;             ;
; Usage by Processor         ; % Time Used ;
;     Processor 1            ; 100.0%      ;
;     Processor 2            ;   0.0%      ;
+----------------------------+-------------+


+------------------------------------------------------------------------------------------------------------------------------------------------------------------------------------------------------------+
; Analysis & Synthesis Source Files Read                                                                                                                                                                     ;
+--------------------------------------------------------+-----------------+-----------------+-----------------------------------------------------------------------------------------------------+---------+
; File Name with User-Entered Path                       ; Used in Netlist ; File Type       ; File Name with Absolute Path                                                                        ; Library ;
+--------------------------------------------------------+-----------------+-----------------+-----------------------------------------------------------------------------------------------------+---------+
; .testbench/realtime/keyscan/keyscan_rtb.vhd            ; yes             ; User VHDL File  ; C:/dev/VHDL/SEM2.LIC.PROJ.ROULETTE/.hardware/.testbench/realtime/keyscan/keyscan_rtb.vhd            ;         ;
; COMMON/ADDERS/adder_2bits.vhd                          ; yes             ; User VHDL File  ; C:/dev/VHDL/SEM2.LIC.PROJ.ROULETTE/.hardware/COMMON/ADDERS/adder_2bits.vhd                          ;         ;
; COMMON/ADDERS/full_adder.vhd                           ; yes             ; User VHDL File  ; C:/dev/VHDL/SEM2.LIC.PROJ.ROULETTE/.hardware/COMMON/ADDERS/full_adder.vhd                           ;         ;
; COMMON/ADDERS/half_adder.vhd                           ; yes             ; User VHDL File  ; C:/dev/VHDL/SEM2.LIC.PROJ.ROULETTE/.hardware/COMMON/ADDERS/half_adder.vhd                           ;         ;
; COMMON/CODEC/decoder_2x4.vhd                           ; yes             ; User VHDL File  ; C:/dev/VHDL/SEM2.LIC.PROJ.ROULETTE/.hardware/COMMON/CODEC/decoder_2x4.vhd                           ;         ;
; COMMON/CODEC/PENC/partial_priority_encoder.vhd         ; yes             ; User VHDL File  ; C:/dev/VHDL/SEM2.LIC.PROJ.ROULETTE/.hardware/COMMON/CODEC/PENC/partial_priority_encoder.vhd         ;         ;
; COMMON/CODEC/PENC/priority_encoder.vhd                 ; yes             ; User VHDL File  ; C:/dev/VHDL/SEM2.LIC.PROJ.ROULETTE/.hardware/COMMON/CODEC/PENC/priority_encoder.vhd                 ;         ;
; COMMON/COUNTERS/counter_2bits.vhd                      ; yes             ; User VHDL File  ; C:/dev/VHDL/SEM2.LIC.PROJ.ROULETTE/.hardware/COMMON/COUNTERS/counter_2bits.vhd                      ;         ;
; COMMON/MUXs/MUX2x1_1bit.vhd                            ; yes             ; User VHDL File  ; C:/dev/VHDL/SEM2.LIC.PROJ.ROULETTE/.hardware/COMMON/MUXs/MUX2x1_1bit.vhd                            ;         ;
; COMMON/REGISTERS/FFD.vhd                               ; yes             ; User VHDL File  ; C:/dev/VHDL/SEM2.LIC.PROJ.ROULETTE/.hardware/COMMON/REGISTERS/FFD.vhd                               ;         ;
; COMMON/REGISTERS/registry_2bits.vhd                    ; yes             ; User VHDL File  ; C:/dev/VHDL/SEM2.LIC.PROJ.ROULETTE/.hardware/COMMON/REGISTERS/registry_2bits.vhd                    ;         ;
; KEYBOARD_READER/KEY_DECODE/KEY_SCANNER/key_scanner.vhd ; yes             ; User VHDL File  ; C:/dev/VHDL/SEM2.LIC.PROJ.ROULETTE/.hardware/KEYBOARD_READER/KEY_DECODE/KEY_SCANNER/key_scanner.vhd ;         ;
+--------------------------------------------------------+-----------------+-----------------+-----------------------------------------------------------------------------------------------------+---------+


+------------------------------------------------------------------------------------------------------------------------------------------------------------+
; Analysis & Synthesis Resource Usage Summary                                                                                                                ;
+---------------------------------------------+--------------------------------------------------------------------------------------------------------------+
; Resource                                    ; Usage                                                                                                        ;
+---------------------------------------------+--------------------------------------------------------------------------------------------------------------+
; Estimated Total logic elements              ; 9                                                                                                            ;
;                                             ;                                                                                                              ;
; Total combinational functions               ; 9                                                                                                            ;
; Logic element usage by number of LUT inputs ;                                                                                                              ;
;     -- 4 input functions                    ; 1                                                                                                            ;
;     -- 3 input functions                    ; 2                                                                                                            ;
;     -- <=2 input functions                  ; 6                                                                                                            ;
;                                             ;                                                                                                              ;
; Logic elements by mode                      ;                                                                                                              ;
;     -- normal mode                          ; 9                                                                                                            ;
;     -- arithmetic mode                      ; 0                                                                                                            ;
;                                             ;                                                                                                              ;
; Total registers                             ; 4                                                                                                            ;
;     -- Dedicated logic registers            ; 4                                                                                                            ;
;     -- I/O registers                        ; 0                                                                                                            ;
;                                             ;                                                                                                              ;
; I/O pins                                    ; 17                                                                                                           ;
;                                             ;                                                                                                              ;
; Embedded Multiplier 9-bit elements          ; 0                                                                                                            ;
;                                             ;                                                                                                              ;
; Maximum fan-out node                        ; key_scanner:instantiate_key_scanner|counter_2bits:Contador|register_2bits:instance_registry_2bits|FFD:FFD1|Q ;
; Maximum fan-out                             ; 7                                                                                                            ;
; Total fan-out                               ; 60                                                                                                           ;
; Average fan-out                             ; 1.28                                                                                                         ;
+---------------------------------------------+--------------------------------------------------------------------------------------------------------------+


+----------------------------------------------------------------------------------------------------------------------------------------------------------------------------------------------------------------------------------------------------------------------------------------------------------------------------------------------------------------------------+
; Analysis & Synthesis Resource Utilization by Entity                                                                                                                                                                                                                                                                                                                        ;
+---------------------------------------------------+---------------------+---------------------------+-------------+------------+--------------+---------+-----------+------+--------------+------------+-------------------------------------------------------------------------------------------------------------------------+--------------------------+--------------+
; Compilation Hierarchy Node                        ; Combinational ALUTs ; Dedicated Logic Registers ; Memory Bits ; UFM Blocks ; DSP Elements ; DSP 9x9 ; DSP 18x18 ; Pins ; Virtual Pins ; ADC blocks ; Full Hierarchy Name                                                                                                     ; Entity Name              ; Library Name ;
+---------------------------------------------------+---------------------+---------------------------+-------------+------------+--------------+---------+-----------+------+--------------+------------+-------------------------------------------------------------------------------------------------------------------------+--------------------------+--------------+
; |keyscan_rtb                                      ; 9 (0)               ; 4 (0)                     ; 0           ; 0          ; 0            ; 0       ; 0         ; 17   ; 0            ; 0          ; |keyscan_rtb                                                                                                            ; keyscan_rtb              ; work         ;
;    |key_scanner:instantiate_key_scanner|          ; 9 (0)               ; 4 (0)                     ; 0           ; 0          ; 0            ; 0       ; 0         ; 0    ; 0            ; 0          ; |keyscan_rtb|key_scanner:instantiate_key_scanner                                                                        ; key_scanner              ; work         ;
;       |counter_2bits:Contador|                    ; 2 (0)               ; 2 (0)                     ; 0           ; 0          ; 0            ; 0       ; 0         ; 0    ; 0            ; 0          ; |keyscan_rtb|key_scanner:instantiate_key_scanner|counter_2bits:Contador                                                 ; counter_2bits            ; work         ;
;          |register_2bits:instance_registry_2bits| ; 2 (0)               ; 2 (0)                     ; 0           ; 0          ; 0            ; 0       ; 0         ; 0    ; 0            ; 0          ; |keyscan_rtb|key_scanner:instantiate_key_scanner|counter_2bits:Contador|register_2bits:instance_registry_2bits          ; register_2bits           ; work         ;
;             |FFD:FFD1|                            ; 1 (1)               ; 1 (1)                     ; 0           ; 0          ; 0            ; 0       ; 0         ; 0    ; 0            ; 0          ; |keyscan_rtb|key_scanner:instantiate_key_scanner|counter_2bits:Contador|register_2bits:instance_registry_2bits|FFD:FFD1 ; FFD                      ; work         ;
;             |FFD:FFD2|                            ; 1 (1)               ; 1 (1)                     ; 0           ; 0          ; 0            ; 0       ; 0         ; 0    ; 0            ; 0          ; |keyscan_rtb|key_scanner:instantiate_key_scanner|counter_2bits:Contador|register_2bits:instance_registry_2bits|FFD:FFD2 ; FFD                      ; work         ;
;       |decoder_2x4:Decoder|                       ; 4 (4)               ; 0 (0)                     ; 0           ; 0          ; 0            ; 0       ; 0         ; 0    ; 0            ; 0          ; |keyscan_rtb|key_scanner:instantiate_key_scanner|decoder_2x4:Decoder                                                    ; decoder_2x4              ; work         ;
;       |priority_encoder:Penc|                     ; 3 (0)               ; 0 (0)                     ; 0           ; 0          ; 0            ; 0       ; 0         ; 0    ; 0            ; 0          ; |keyscan_rtb|key_scanner:instantiate_key_scanner|priority_encoder:Penc                                                  ; priority_encoder         ; work         ;
;          |mux2x1_1bit:Mux2x1|                     ; 1 (1)               ; 0 (0)                     ; 0           ; 0          ; 0            ; 0       ; 0         ; 0    ; 0            ; 0          ; |keyscan_rtb|key_scanner:instantiate_key_scanner|priority_encoder:Penc|mux2x1_1bit:Mux2x1                               ; mux2x1_1bit              ; work         ;
;          |partial_priority_encoder:PencPartial1|  ; 1 (1)               ; 0 (0)                     ; 0           ; 0          ; 0            ; 0       ; 0         ; 0    ; 0            ; 0          ; |keyscan_rtb|key_scanner:instantiate_key_scanner|priority_encoder:Penc|partial_priority_encoder:PencPartial1            ; partial_priority_encoder ; work         ;
;          |partial_priority_encoder:PencPartial3|  ; 1 (1)               ; 0 (0)                     ; 0           ; 0          ; 0            ; 0       ; 0         ; 0    ; 0            ; 0          ; |keyscan_rtb|key_scanner:instantiate_key_scanner|priority_encoder:Penc|partial_priority_encoder:PencPartial3            ; partial_priority_encoder ; work         ;
;       |register_2bits:Reg|                        ; 0 (0)               ; 2 (0)                     ; 0           ; 0          ; 0            ; 0       ; 0         ; 0    ; 0            ; 0          ; |keyscan_rtb|key_scanner:instantiate_key_scanner|register_2bits:Reg                                                     ; register_2bits           ; work         ;
;          |FFD:FFD1|                               ; 0 (0)               ; 1 (1)                     ; 0           ; 0          ; 0            ; 0       ; 0         ; 0    ; 0            ; 0          ; |keyscan_rtb|key_scanner:instantiate_key_scanner|register_2bits:Reg|FFD:FFD1                                            ; FFD                      ; work         ;
;          |FFD:FFD2|                               ; 0 (0)               ; 1 (1)                     ; 0           ; 0          ; 0            ; 0       ; 0         ; 0    ; 0            ; 0          ; |keyscan_rtb|key_scanner:instantiate_key_scanner|register_2bits:Reg|FFD:FFD2                                            ; FFD                      ; work         ;
+---------------------------------------------------+---------------------+---------------------------+-------------+------------+--------------+---------+-----------+------+--------------+------------+-------------------------------------------------------------------------------------------------------------------------+--------------------------+--------------+
Note: For table entries with two numbers listed, the numbers in parentheses indicate the number of resources of the given type used by the specific entity alone. The numbers listed outside of parentheses indicate the total resources of the given type used by the specific entity and all of its sub-entities in the hierarchy.


+------------------------------------------------------+
; General Register Statistics                          ;
+----------------------------------------------+-------+
; Statistic                                    ; Value ;
+----------------------------------------------+-------+
; Total registers                              ; 4     ;
; Number of registers using Synchronous Clear  ; 0     ;
; Number of registers using Synchronous Load   ; 0     ;
; Number of registers using Asynchronous Clear ; 4     ;
; Number of registers using Asynchronous Load  ; 0     ;
; Number of registers using Clock Enable       ; 0     ;
; Number of registers using Preset             ; 0     ;
+----------------------------------------------+-------+


+------------------------------------------------------------------------------------+
; Port Connectivity Checks: "key_scanner:instantiate_key_scanner|register_2bits:Reg" ;
+------+-------+----------+----------------------------------------------------------+
; Port ; Type  ; Severity ; Details                                                  ;
+------+-------+----------+----------------------------------------------------------+
; set  ; Input ; Info     ; Stuck at GND                                             ;
; en   ; Input ; Info     ; Stuck at VCC                                             ;
+------+-------+----------+----------------------------------------------------------+


+----------------------------------------------------------------------------------------------------------------------------------------+
; Port Connectivity Checks: "key_scanner:instantiate_key_scanner|counter_2bits:Contador|register_2bits:instance_registry_2bits|FFD:FFD2" ;
+------+-------+----------+--------------------------------------------------------------------------------------------------------------+
; Port ; Type  ; Severity ; Details                                                                                                      ;
+------+-------+----------+--------------------------------------------------------------------------------------------------------------+
; set  ; Input ; Info     ; Stuck at GND                                                                                                 ;
+------+-------+----------+--------------------------------------------------------------------------------------------------------------+


+----------------------------------------------------------------------------------------------------------------------------------------+
; Port Connectivity Checks: "key_scanner:instantiate_key_scanner|counter_2bits:Contador|register_2bits:instance_registry_2bits|FFD:FFD1" ;
+------+-------+----------+--------------------------------------------------------------------------------------------------------------+
; Port ; Type  ; Severity ; Details                                                                                                      ;
+------+-------+----------+--------------------------------------------------------------------------------------------------------------+
; set  ; Input ; Info     ; Stuck at GND                                                                                                 ;
+------+-------+----------+--------------------------------------------------------------------------------------------------------------+


+-------------------------------------------------------------------------------------------------------------------------------+
; Port Connectivity Checks: "key_scanner:instantiate_key_scanner|counter_2bits:Contador|register_2bits:instance_registry_2bits" ;
+------+-------+----------+-----------------------------------------------------------------------------------------------------+
; Port ; Type  ; Severity ; Details                                                                                             ;
+------+-------+----------+-----------------------------------------------------------------------------------------------------+
; set  ; Input ; Info     ; Stuck at VCC                                                                                        ;
+------+-------+----------+-----------------------------------------------------------------------------------------------------+


+-------------------------------------------------------------------------------------------------------------------------+
; Port Connectivity Checks: "key_scanner:instantiate_key_scanner|counter_2bits:Contador|adder_2bits:instance_adder_2bits" ;
+-----------+--------+----------+-----------------------------------------------------------------------------------------+
; Port      ; Type   ; Severity ; Details                                                                                 ;
+-----------+--------+----------+-----------------------------------------------------------------------------------------+
; b[1]      ; Input  ; Info     ; Stuck at GND                                                                            ;
; b[0]      ; Input  ; Info     ; Stuck at VCC                                                                            ;
; carry_in  ; Input  ; Info     ; Stuck at GND                                                                            ;
; carry_out ; Output ; Info     ; Connected to dangling logic. Logic that only feeds a dangling port will be removed.     ;
+-----------+--------+----------+-----------------------------------------------------------------------------------------+


+-----------------------------------------------------+
; Post-Synthesis Netlist Statistics for Top Partition ;
+-----------------------+-----------------------------+
; Type                  ; Count                       ;
+-----------------------+-----------------------------+
; boundary_port         ; 17                          ;
; cycloneiii_ff         ; 4                           ;
;     CLR               ; 4                           ;
; cycloneiii_lcell_comb ; 12                          ;
;     normal            ; 12                          ;
;         1 data inputs ; 3                           ;
;         2 data inputs ; 6                           ;
;         3 data inputs ; 2                           ;
;         4 data inputs ; 1                           ;
;                       ;                             ;
; Max LUT depth         ; 2.00                        ;
; Average LUT depth     ; 1.13                        ;
+-----------------------+-----------------------------+


+-------------------------------+
; Elapsed Time Per Partition    ;
+----------------+--------------+
; Partition Name ; Elapsed Time ;
+----------------+--------------+
; Top            ; 00:00:00     ;
+----------------+--------------+


+-------------------------------+
; Analysis & Synthesis Messages ;
+-------------------------------+
Info: *******************************************************************
Info: Running Quartus Prime Analysis & Synthesis
    Info: Version 20.1.1 Build 720 11/11/2020 SJ Lite Edition
    Info: Processing started: Tue May 27 16:02:16 2025
Info: Command: quartus_map --read_settings_files=on --write_settings_files=off roulette -c roulette
Warning (18236): Number of processors has not been specified which may cause overloading on shared machines.  Set the global assignment NUM_PARALLEL_PROCESSORS in your QSF to an appropriate value for best performance.
Info (20030): Parallel compilation is enabled and will use 2 of the 2 processors detected
Info (12021): Found 2 design units, including 1 entities, in source file roulette.vhd
    Info (12022): Found design unit 1: roulette-structural File: C:/dev/VHDL/SEM2.LIC.PROJ.ROULETTE/.hardware/roulette.vhd Line: 25
    Info (12023): Found entity 1: roulette File: C:/dev/VHDL/SEM2.LIC.PROJ.ROULETTE/.hardware/roulette.vhd Line: 6
Info (12021): Found 2 design units, including 1 entities, in source file usbport.vhd
    Info (12022): Found design unit 1: UsbPort-bdf_type File: C:/dev/VHDL/SEM2.LIC.PROJ.ROULETTE/.hardware/UsbPort.vhd Line: 33
    Info (12023): Found entity 1: UsbPort File: C:/dev/VHDL/SEM2.LIC.PROJ.ROULETTE/.hardware/UsbPort.vhd Line: 25
Info (12021): Found 2 design units, including 1 entities, in source file .testbench/realtime/keyscan/keyscan_rtb.vhd
    Info (12022): Found design unit 1: keyscan_rtb-structural File: C:/dev/VHDL/SEM2.LIC.PROJ.ROULETTE/.hardware/.testbench/realtime/keyscan/keyscan_rtb.vhd Line: 21
    Info (12023): Found entity 1: keyscan_rtb File: C:/dev/VHDL/SEM2.LIC.PROJ.ROULETTE/.hardware/.testbench/realtime/keyscan/keyscan_rtb.vhd Line: 6
Info (12021): Found 2 design units, including 1 entities, in source file .testbench/simulated/counterseriallcd_tb.vhd
    Info (12022): Found design unit 1: counterSerialLCD_tb-behavioral File: C:/dev/VHDL/SEM2.LIC.PROJ.ROULETTE/.hardware/.testbench/simulated/counterSerialLCD_tb.vhd Line: 7
    Info (12023): Found entity 1: counterSerialLCD_tb File: C:/dev/VHDL/SEM2.LIC.PROJ.ROULETTE/.hardware/.testbench/simulated/counterSerialLCD_tb.vhd Line: 4
Info (12021): Found 2 design units, including 1 entities, in source file .testbench/simulated/countertb.vhd
    Info (12022): Found design unit 1: counter_tb-behavioral File: C:/dev/VHDL/SEM2.LIC.PROJ.ROULETTE/.hardware/.testbench/simulated/CounterTb.vhd Line: 8
    Info (12023): Found entity 1: counter_tb File: C:/dev/VHDL/SEM2.LIC.PROJ.ROULETTE/.hardware/.testbench/simulated/CounterTb.vhd Line: 5
Info (12021): Found 2 design units, including 1 entities, in source file .testbench/simulated/decoder_tb.vhd
    Info (12022): Found design unit 1: decoder_tb-behavioral File: C:/dev/VHDL/SEM2.LIC.PROJ.ROULETTE/.hardware/.testbench/simulated/decoder_tb.vhd Line: 7
    Info (12023): Found entity 1: decoder_tb File: C:/dev/VHDL/SEM2.LIC.PROJ.ROULETTE/.hardware/.testbench/simulated/decoder_tb.vhd Line: 4
Info (12021): Found 2 design units, including 1 entities, in source file .testbench/simulated/keycontrol_tb.vhd
    Info (12022): Found design unit 1: KeyControl_tb-behavioral File: C:/dev/VHDL/SEM2.LIC.PROJ.ROULETTE/.hardware/.testbench/simulated/KeyControl_tb.vhd Line: 7
    Info (12023): Found entity 1: KeyControl_tb File: C:/dev/VHDL/SEM2.LIC.PROJ.ROULETTE/.hardware/.testbench/simulated/KeyControl_tb.vhd Line: 4
Info (12021): Found 2 design units, including 1 entities, in source file .testbench/simulated/keyscannertb.vhd
    Info (12022): Found design unit 1: Key_Scanner_tb-behavioral File: C:/dev/VHDL/SEM2.LIC.PROJ.ROULETTE/.hardware/.testbench/simulated/KeyScannerTb.vhd Line: 7
    Info (12023): Found entity 1: Key_Scanner_tb File: C:/dev/VHDL/SEM2.LIC.PROJ.ROULETTE/.hardware/.testbench/simulated/KeyScannerTb.vhd Line: 4
Info (12021): Found 2 design units, including 1 entities, in source file .testbench/simulated/key_decode_tb.vhd
    Info (12022): Found design unit 1: Key_decode_tb-behavioral File: C:/dev/VHDL/SEM2.LIC.PROJ.ROULETTE/.hardware/.testbench/simulated/Key_decode_tb.vhd Line: 7
    Info (12023): Found entity 1: Key_decode_tb File: C:/dev/VHDL/SEM2.LIC.PROJ.ROULETTE/.hardware/.testbench/simulated/Key_decode_tb.vhd Line: 4
Info (12021): Found 2 design units, including 1 entities, in source file .testbench/simulated/key_reader_tb.vhd
    Info (12022): Found design unit 1: Key_reader_tb-behavioral File: C:/dev/VHDL/SEM2.LIC.PROJ.ROULETTE/.hardware/.testbench/simulated/Key_reader_tb.vhd Line: 7
    Info (12023): Found entity 1: Key_reader_tb File: C:/dev/VHDL/SEM2.LIC.PROJ.ROULETTE/.hardware/.testbench/simulated/Key_reader_tb.vhd Line: 4
Info (12021): Found 2 design units, including 1 entities, in source file .testbench/simulated/lcddispatchercontrol_tb.vhd
    Info (12022): Found design unit 1: LCDDispatcherControl_tb-behavioral File: C:/dev/VHDL/SEM2.LIC.PROJ.ROULETTE/.hardware/.testbench/simulated/LCDDispatcherControl_tb.vhd Line: 9
    Info (12023): Found entity 1: LCDDispatcherControl_tb File: C:/dev/VHDL/SEM2.LIC.PROJ.ROULETTE/.hardware/.testbench/simulated/LCDDispatcherControl_tb.vhd Line: 4
Info (12021): Found 2 design units, including 1 entities, in source file .testbench/simulated/lcddispatcher_tb.vhd
    Info (12022): Found design unit 1: LCDDispatcher_tb-behavioral File: C:/dev/VHDL/SEM2.LIC.PROJ.ROULETTE/.hardware/.testbench/simulated/LCDDispatcher_tb.vhd Line: 9
    Info (12023): Found entity 1: LCDDispatcher_tb File: C:/dev/VHDL/SEM2.LIC.PROJ.ROULETTE/.hardware/.testbench/simulated/LCDDispatcher_tb.vhd Line: 5
Info (12021): Found 2 design units, including 1 entities, in source file .testbench/simulated/mac_tb.vhd
    Info (12022): Found design unit 1: mac_tb-test File: C:/dev/VHDL/SEM2.LIC.PROJ.ROULETTE/.hardware/.testbench/simulated/mac_tb.vhd Line: 8
    Info (12023): Found entity 1: mac_tb File: C:/dev/VHDL/SEM2.LIC.PROJ.ROULETTE/.hardware/.testbench/simulated/mac_tb.vhd Line: 5
Info (12021): Found 2 design units, including 1 entities, in source file .testbench/simulated/outputbuffercontrol_tb.vhd
    Info (12022): Found design unit 1: OutputBufferControl_tb-behavioral File: C:/dev/VHDL/SEM2.LIC.PROJ.ROULETTE/.hardware/.testbench/simulated/OutputBufferControl_tb.vhd Line: 7
    Info (12023): Found entity 1: OutputBufferControl_tb File: C:/dev/VHDL/SEM2.LIC.PROJ.ROULETTE/.hardware/.testbench/simulated/OutputBufferControl_tb.vhd Line: 4
Info (12021): Found 2 design units, including 1 entities, in source file .testbench/simulated/outputbuffer_tb.vhd
    Info (12022): Found design unit 1: OutputBuffer_tb-behavioral File: C:/dev/VHDL/SEM2.LIC.PROJ.ROULETTE/.hardware/.testbench/simulated/OutputBuffer_tb.vhd Line: 7
    Info (12023): Found entity 1: OutputBuffer_tb File: C:/dev/VHDL/SEM2.LIC.PROJ.ROULETTE/.hardware/.testbench/simulated/OutputBuffer_tb.vhd Line: 4
Info (12021): Found 2 design units, including 1 entities, in source file .testbench/simulated/outputregister_tb.vhd
    Info (12022): Found design unit 1: OutputRegister_tb-behavioral File: C:/dev/VHDL/SEM2.LIC.PROJ.ROULETTE/.hardware/.testbench/simulated/OutputRegister_tb.vhd Line: 7
    Info (12023): Found entity 1: OutputRegister_tb File: C:/dev/VHDL/SEM2.LIC.PROJ.ROULETTE/.hardware/.testbench/simulated/OutputRegister_tb.vhd Line: 4
Info (12021): Found 2 design units, including 1 entities, in source file .testbench/simulated/parity_checker_tb.vhd
    Info (12022): Found design unit 1: parity_checker_tb-behavioral File: C:/dev/VHDL/SEM2.LIC.PROJ.ROULETTE/.hardware/.testbench/simulated/parity_checker_tb.vhd Line: 7
    Info (12023): Found entity 1: parity_checker_tb File: C:/dev/VHDL/SEM2.LIC.PROJ.ROULETTE/.hardware/.testbench/simulated/parity_checker_tb.vhd Line: 4
Info (12021): Found 2 design units, including 1 entities, in source file .testbench/simulated/priority_encoder_tb.vhd
    Info (12022): Found design unit 1: priority_encoder_tb-behavioral File: C:/dev/VHDL/SEM2.LIC.PROJ.ROULETTE/.hardware/.testbench/simulated/priority_encoder_tb.vhd Line: 7
    Info (12023): Found entity 1: priority_encoder_tb File: C:/dev/VHDL/SEM2.LIC.PROJ.ROULETTE/.hardware/.testbench/simulated/priority_encoder_tb.vhd Line: 4
Info (12021): Found 2 design units, including 1 entities, in source file .testbench/simulated/ringbuffermodule_tb.vhd
    Info (12022): Found design unit 1: RingBufferModule_tb-tb File: C:/dev/VHDL/SEM2.LIC.PROJ.ROULETTE/.hardware/.testbench/simulated/RingBufferModule_tb.vhd Line: 7
    Info (12023): Found entity 1: RingBufferModule_tb File: C:/dev/VHDL/SEM2.LIC.PROJ.ROULETTE/.hardware/.testbench/simulated/RingBufferModule_tb.vhd Line: 4
Info (12021): Found 2 design units, including 1 entities, in source file .testbench/simulated/ring_buffer_bloco_tb.vhd
    Info (12022): Found design unit 1: RING_BUFFER_bloco_tb-behavioral File: C:/dev/VHDL/SEM2.LIC.PROJ.ROULETTE/.hardware/.testbench/simulated/RING_BUFFER_bloco_tb.vhd Line: 8
    Info (12023): Found entity 1: RING_BUFFER_bloco_tb File: C:/dev/VHDL/SEM2.LIC.PROJ.ROULETTE/.hardware/.testbench/simulated/RING_BUFFER_bloco_tb.vhd Line: 5
Info (12021): Found 2 design units, including 1 entities, in source file .testbench/simulated/ring_buffer_tb.vhd
    Info (12022): Found design unit 1: Ring_Buffer_tb-behavioral File: C:/dev/VHDL/SEM2.LIC.PROJ.ROULETTE/.hardware/.testbench/simulated/Ring_Buffer_tb.vhd Line: 7
    Info (12023): Found entity 1: Ring_Buffer_tb File: C:/dev/VHDL/SEM2.LIC.PROJ.ROULETTE/.hardware/.testbench/simulated/Ring_Buffer_tb.vhd Line: 4
Info (12021): Found 2 design units, including 1 entities, in source file .testbench/simulated/roulettedispatchercontrol_tb.vhd
    Info (12022): Found design unit 1: rouletteDispatcherControl_tb-behavioral File: C:/dev/VHDL/SEM2.LIC.PROJ.ROULETTE/.hardware/.testbench/simulated/rouletteDispatcherControl_tb.vhd Line: 9
    Info (12023): Found entity 1: rouletteDispatcherControl_tb File: C:/dev/VHDL/SEM2.LIC.PROJ.ROULETTE/.hardware/.testbench/simulated/rouletteDispatcherControl_tb.vhd Line: 4
Info (12021): Found 2 design units, including 1 entities, in source file .testbench/simulated/roulette_dispatcher_tb.vhd
    Info (12022): Found design unit 1: roulette_dispatcher_tb-behavioral File: C:/dev/VHDL/SEM2.LIC.PROJ.ROULETTE/.hardware/.testbench/simulated/roulette_dispatcher_tb.vhd Line: 9
    Info (12023): Found entity 1: roulette_dispatcher_tb File: C:/dev/VHDL/SEM2.LIC.PROJ.ROULETTE/.hardware/.testbench/simulated/roulette_dispatcher_tb.vhd Line: 5
Info (12021): Found 2 design units, including 1 entities, in source file .testbench/simulated/serial_controller_tb.vhd
    Info (12022): Found design unit 1: Serial_Controller_tb-behavioral File: C:/dev/VHDL/SEM2.LIC.PROJ.ROULETTE/.hardware/.testbench/simulated/Serial_Controller_tb.vhd Line: 7
    Info (12023): Found entity 1: Serial_Controller_tb File: C:/dev/VHDL/SEM2.LIC.PROJ.ROULETTE/.hardware/.testbench/simulated/Serial_Controller_tb.vhd Line: 4
Info (12021): Found 2 design units, including 1 entities, in source file .testbench/simulated/serial_receiver_lcd_tb.vhd
    Info (12022): Found design unit 1: Serial_Receiver_tb-behavioral File: C:/dev/VHDL/SEM2.LIC.PROJ.ROULETTE/.hardware/.testbench/simulated/Serial_Receiver_lcd_tb.vhd Line: 7
    Info (12023): Found entity 1: Serial_Receiver_tb File: C:/dev/VHDL/SEM2.LIC.PROJ.ROULETTE/.hardware/.testbench/simulated/Serial_Receiver_lcd_tb.vhd Line: 4
Info (12021): Found 2 design units, including 1 entities, in source file .testbench/simulated/serial_receiver_roulette_tb.vhd
    Info (12022): Found design unit 1: Serial_Receiver_roulette_tb-behavioral File: C:/dev/VHDL/SEM2.LIC.PROJ.ROULETTE/.hardware/.testbench/simulated/Serial_Receiver_roulette_tb.vhd Line: 7
    Info (12023): Found entity 1: Serial_Receiver_roulette_tb File: C:/dev/VHDL/SEM2.LIC.PROJ.ROULETTE/.hardware/.testbench/simulated/Serial_Receiver_roulette_tb.vhd Line: 4
Info (12021): Found 2 design units, including 1 entities, in source file .testbench/simulated/shiftregisterlcd_tb.vhd
    Info (12022): Found design unit 1: ShiftRegisterLCD_tb-behavioral File: C:/dev/VHDL/SEM2.LIC.PROJ.ROULETTE/.hardware/.testbench/simulated/ShiftRegisterLCD_tb.vhd Line: 7
    Info (12023): Found entity 1: ShiftRegisterLCD_tb File: C:/dev/VHDL/SEM2.LIC.PROJ.ROULETTE/.hardware/.testbench/simulated/ShiftRegisterLCD_tb.vhd Line: 4
Info (12021): Found 2 design units, including 1 entities, in source file .testbench/simulated/slcdc_tb.vhd
    Info (12022): Found design unit 1: SLCDC_tb-behavioral File: C:/dev/VHDL/SEM2.LIC.PROJ.ROULETTE/.hardware/.testbench/simulated/SLCDC_tb.vhd Line: 7
    Info (12023): Found entity 1: SLCDC_tb File: C:/dev/VHDL/SEM2.LIC.PROJ.ROULETTE/.hardware/.testbench/simulated/SLCDC_tb.vhd Line: 4
Info (12021): Found 2 design units, including 1 entities, in source file .testbench/simulated/src_tb.vhd
    Info (12022): Found design unit 1: SRC_tb-behavioral File: C:/dev/VHDL/SEM2.LIC.PROJ.ROULETTE/.hardware/.testbench/simulated/SRC_tb.vhd Line: 7
    Info (12023): Found entity 1: SRC_tb File: C:/dev/VHDL/SEM2.LIC.PROJ.ROULETTE/.hardware/.testbench/simulated/SRC_tb.vhd Line: 4
Info (12021): Found 2 design units, including 1 entities, in source file common/parity_checker.vhd
    Info (12022): Found design unit 1: parity_checker_roulette-structural File: C:/dev/VHDL/SEM2.LIC.PROJ.ROULETTE/.hardware/COMMON/parity_checker.vhd Line: 15
    Info (12023): Found entity 1: parity_checker_roulette File: C:/dev/VHDL/SEM2.LIC.PROJ.ROULETTE/.hardware/COMMON/parity_checker.vhd Line: 4
Info (12021): Found 2 design units, including 1 entities, in source file common/adders/adder_2bits.vhd
    Info (12022): Found design unit 1: adder_2bits-behavioral File: C:/dev/VHDL/SEM2.LIC.PROJ.ROULETTE/.hardware/COMMON/ADDERS/adder_2bits.vhd Line: 19
    Info (12023): Found entity 1: adder_2bits File: C:/dev/VHDL/SEM2.LIC.PROJ.ROULETTE/.hardware/COMMON/ADDERS/adder_2bits.vhd Line: 4
Info (12021): Found 2 design units, including 1 entities, in source file common/adders/adder_3bits.vhd
    Info (12022): Found design unit 1: adder_3bits-behavioral File: C:/dev/VHDL/SEM2.LIC.PROJ.ROULETTE/.hardware/COMMON/ADDERS/adder_3bits.vhd Line: 16
    Info (12023): Found entity 1: adder_3bits File: C:/dev/VHDL/SEM2.LIC.PROJ.ROULETTE/.hardware/COMMON/ADDERS/adder_3bits.vhd Line: 4
Info (12021): Found 2 design units, including 1 entities, in source file common/adders/adder_4bits.vhd
    Info (12022): Found design unit 1: adder_4bits-behavioral File: C:/dev/VHDL/SEM2.LIC.PROJ.ROULETTE/.hardware/COMMON/ADDERS/adder_4bits.vhd Line: 16
    Info (12023): Found entity 1: adder_4bits File: C:/dev/VHDL/SEM2.LIC.PROJ.ROULETTE/.hardware/COMMON/ADDERS/adder_4bits.vhd Line: 4
Info (12021): Found 2 design units, including 1 entities, in source file common/adders/adder_5bits.vhd
    Info (12022): Found design unit 1: adder_5bits-behavioral File: C:/dev/VHDL/SEM2.LIC.PROJ.ROULETTE/.hardware/COMMON/ADDERS/adder_5bits.vhd Line: 16
    Info (12023): Found entity 1: adder_5bits File: C:/dev/VHDL/SEM2.LIC.PROJ.ROULETTE/.hardware/COMMON/ADDERS/adder_5bits.vhd Line: 4
Info (12021): Found 2 design units, including 1 entities, in source file common/adders/full_adder.vhd
    Info (12022): Found design unit 1: full_adder-behavioral File: C:/dev/VHDL/SEM2.LIC.PROJ.ROULETTE/.hardware/COMMON/ADDERS/full_adder.vhd Line: 21
    Info (12023): Found entity 1: full_adder File: C:/dev/VHDL/SEM2.LIC.PROJ.ROULETTE/.hardware/COMMON/ADDERS/full_adder.vhd Line: 6
Info (12021): Found 2 design units, including 1 entities, in source file common/adders/half_adder.vhd
    Info (12022): Found design unit 1: half_adder-structural File: C:/dev/VHDL/SEM2.LIC.PROJ.ROULETTE/.hardware/COMMON/ADDERS/half_adder.vhd Line: 19
    Info (12023): Found entity 1: half_adder File: C:/dev/VHDL/SEM2.LIC.PROJ.ROULETTE/.hardware/COMMON/ADDERS/half_adder.vhd Line: 6
Info (12021): Found 2 design units, including 1 entities, in source file common/codec/decoder_2x4.vhd
    Info (12022): Found design unit 1: decoder_2x4-structural File: C:/dev/VHDL/SEM2.LIC.PROJ.ROULETTE/.hardware/COMMON/CODEC/decoder_2x4.vhd Line: 15
    Info (12023): Found entity 1: decoder_2x4 File: C:/dev/VHDL/SEM2.LIC.PROJ.ROULETTE/.hardware/COMMON/CODEC/decoder_2x4.vhd Line: 5
Info (12021): Found 2 design units, including 1 entities, in source file common/codec/penc/partial_priority_encoder.vhd
    Info (12022): Found design unit 1: partial_priority_encoder-structural File: C:/dev/VHDL/SEM2.LIC.PROJ.ROULETTE/.hardware/COMMON/CODEC/PENC/partial_priority_encoder.vhd Line: 16
    Info (12023): Found entity 1: partial_priority_encoder File: C:/dev/VHDL/SEM2.LIC.PROJ.ROULETTE/.hardware/COMMON/CODEC/PENC/partial_priority_encoder.vhd Line: 7
Info (12021): Found 2 design units, including 1 entities, in source file common/codec/penc/priority_encoder.vhd
    Info (12022): Found design unit 1: priority_encoder-structural File: C:/dev/VHDL/SEM2.LIC.PROJ.ROULETTE/.hardware/COMMON/CODEC/PENC/priority_encoder.vhd Line: 16
    Info (12023): Found entity 1: priority_encoder File: C:/dev/VHDL/SEM2.LIC.PROJ.ROULETTE/.hardware/COMMON/CODEC/PENC/priority_encoder.vhd Line: 7
Info (12021): Found 2 design units, including 1 entities, in source file common/counters/counter_2bits.vhd
    Info (12022): Found design unit 1: counter_2bits-behavioral File: C:/dev/VHDL/SEM2.LIC.PROJ.ROULETTE/.hardware/COMMON/COUNTERS/counter_2bits.vhd Line: 16
    Info (12023): Found entity 1: counter_2bits File: C:/dev/VHDL/SEM2.LIC.PROJ.ROULETTE/.hardware/COMMON/COUNTERS/counter_2bits.vhd Line: 4
Info (12021): Found 2 design units, including 1 entities, in source file common/counters/counter_3bits.vhd
    Info (12022): Found design unit 1: counter_3bits-behavioral File: C:/dev/VHDL/SEM2.LIC.PROJ.ROULETTE/.hardware/COMMON/COUNTERS/counter_3bits.vhd Line: 16
    Info (12023): Found entity 1: counter_3bits File: C:/dev/VHDL/SEM2.LIC.PROJ.ROULETTE/.hardware/COMMON/COUNTERS/counter_3bits.vhd Line: 4
Info (12021): Found 2 design units, including 1 entities, in source file common/counters/counter_4bits.vhd
    Info (12022): Found design unit 1: counter_4bits-behavioral File: C:/dev/VHDL/SEM2.LIC.PROJ.ROULETTE/.hardware/COMMON/COUNTERS/counter_4bits.vhd Line: 13
    Info (12023): Found entity 1: counter_4bits File: C:/dev/VHDL/SEM2.LIC.PROJ.ROULETTE/.hardware/COMMON/COUNTERS/counter_4bits.vhd Line: 4
Info (12021): Found 2 design units, including 1 entities, in source file common/counters/variable_counter_5bits.vhd
    Info (12022): Found design unit 1: variable_counter_5bits-behavioral File: C:/dev/VHDL/SEM2.LIC.PROJ.ROULETTE/.hardware/COMMON/COUNTERS/variable_counter_5bits.vhd Line: 15
    Info (12023): Found entity 1: variable_counter_5bits File: C:/dev/VHDL/SEM2.LIC.PROJ.ROULETTE/.hardware/COMMON/COUNTERS/variable_counter_5bits.vhd Line: 4
Info (12021): Found 2 design units, including 1 entities, in source file common/muxs/mux2x1_1bit.vhd
    Info (12022): Found design unit 1: mux2x1_1bit-structural File: C:/dev/VHDL/SEM2.LIC.PROJ.ROULETTE/.hardware/COMMON/MUXs/MUX2x1_1bit.vhd Line: 21
    Info (12023): Found entity 1: mux2x1_1bit File: C:/dev/VHDL/SEM2.LIC.PROJ.ROULETTE/.hardware/COMMON/MUXs/MUX2x1_1bit.vhd Line: 6
Info (12021): Found 2 design units, including 1 entities, in source file common/muxs/mux2x1_4bit.vhd
    Info (12022): Found design unit 1: mux2x1_4bit-structural File: C:/dev/VHDL/SEM2.LIC.PROJ.ROULETTE/.hardware/COMMON/MUXs/MUX2x1_4bit.vhd Line: 21
    Info (12023): Found entity 1: mux2x1_4bit File: C:/dev/VHDL/SEM2.LIC.PROJ.ROULETTE/.hardware/COMMON/MUXs/MUX2x1_4bit.vhd Line: 6
Info (12021): Found 2 design units, including 1 entities, in source file common/registers/ffd.vhd
    Info (12022): Found design unit 1: FFD-logicFunction File: C:/dev/VHDL/SEM2.LIC.PROJ.ROULETTE/.hardware/COMMON/REGISTERS/FFD.vhd Line: 17
    Info (12023): Found entity 1: FFD File: C:/dev/VHDL/SEM2.LIC.PROJ.ROULETTE/.hardware/COMMON/REGISTERS/FFD.vhd Line: 5
Info (12021): Found 2 design units, including 1 entities, in source file common/registers/register_3bits.vhd
    Info (12022): Found design unit 1: register_3bits-behavioral File: C:/dev/VHDL/SEM2.LIC.PROJ.ROULETTE/.hardware/COMMON/REGISTERS/register_3bits.vhd Line: 18
    Info (12023): Found entity 1: register_3bits File: C:/dev/VHDL/SEM2.LIC.PROJ.ROULETTE/.hardware/COMMON/REGISTERS/register_3bits.vhd Line: 4
Info (12021): Found 2 design units, including 1 entities, in source file common/registers/register_4bits.vhd
    Info (12022): Found design unit 1: register_4bits-behavioral File: C:/dev/VHDL/SEM2.LIC.PROJ.ROULETTE/.hardware/COMMON/REGISTERS/register_4bits.vhd Line: 18
    Info (12023): Found entity 1: register_4bits File: C:/dev/VHDL/SEM2.LIC.PROJ.ROULETTE/.hardware/COMMON/REGISTERS/register_4bits.vhd Line: 4
Info (12021): Found 2 design units, including 1 entities, in source file common/registers/register_5bits.vhd
    Info (12022): Found design unit 1: register_5bits-behavioral File: C:/dev/VHDL/SEM2.LIC.PROJ.ROULETTE/.hardware/COMMON/REGISTERS/register_5bits.vhd Line: 18
    Info (12023): Found entity 1: register_5bits File: C:/dev/VHDL/SEM2.LIC.PROJ.ROULETTE/.hardware/COMMON/REGISTERS/register_5bits.vhd Line: 4
Info (12021): Found 2 design units, including 1 entities, in source file common/registers/registry_2bits.vhd
    Info (12022): Found design unit 1: register_2bits-behavioral File: C:/dev/VHDL/SEM2.LIC.PROJ.ROULETTE/.hardware/COMMON/REGISTERS/registry_2bits.vhd Line: 18
    Info (12023): Found entity 1: register_2bits File: C:/dev/VHDL/SEM2.LIC.PROJ.ROULETTE/.hardware/COMMON/REGISTERS/registry_2bits.vhd Line: 4
Info (12021): Found 2 design units, including 1 entities, in source file keyboard_reader/keyboard_reader.vhd
    Info (12022): Found design unit 1: keyboard_reader-behavioral File: C:/dev/VHDL/SEM2.LIC.PROJ.ROULETTE/.hardware/KEYBOARD_READER/keyboard_reader.vhd Line: 18
    Info (12023): Found entity 1: keyboard_reader File: C:/dev/VHDL/SEM2.LIC.PROJ.ROULETTE/.hardware/KEYBOARD_READER/keyboard_reader.vhd Line: 4
Info (12021): Found 2 design units, including 1 entities, in source file keyboard_reader/key_decode/keycontrol.vhd
    Info (12022): Found design unit 1: KeyControl-behavioral File: C:/dev/VHDL/SEM2.LIC.PROJ.ROULETTE/.hardware/KEYBOARD_READER/KEY_DECODE/KeyControl.vhd Line: 19
    Info (12023): Found entity 1: KeyControl File: C:/dev/VHDL/SEM2.LIC.PROJ.ROULETTE/.hardware/KEYBOARD_READER/KEY_DECODE/KeyControl.vhd Line: 5
Info (12021): Found 2 design units, including 1 entities, in source file keyboard_reader/key_decode/key_decode.vhd
    Info (12022): Found design unit 1: Key_decode-structural File: C:/dev/VHDL/SEM2.LIC.PROJ.ROULETTE/.hardware/KEYBOARD_READER/KEY_DECODE/Key_decode.vhd Line: 17
    Info (12023): Found entity 1: Key_decode File: C:/dev/VHDL/SEM2.LIC.PROJ.ROULETTE/.hardware/KEYBOARD_READER/KEY_DECODE/Key_decode.vhd Line: 4
Info (12021): Found 2 design units, including 1 entities, in source file keyboard_reader/key_decode/key_scanner/key_scanner.vhd
    Info (12022): Found design unit 1: key_scanner-structural File: C:/dev/VHDL/SEM2.LIC.PROJ.ROULETTE/.hardware/KEYBOARD_READER/KEY_DECODE/KEY_SCANNER/key_scanner.vhd Line: 21
    Info (12023): Found entity 1: key_scanner File: C:/dev/VHDL/SEM2.LIC.PROJ.ROULETTE/.hardware/KEYBOARD_READER/KEY_DECODE/KEY_SCANNER/key_scanner.vhd Line: 5
Info (12021): Found 2 design units, including 1 entities, in source file keyboard_reader/output_buffer/outputbuffer.vhd
    Info (12022): Found design unit 1: OutputBuffer-structural File: C:/dev/VHDL/SEM2.LIC.PROJ.ROULETTE/.hardware/KEYBOARD_READER/OUTPUT_BUFFER/OutputBuffer.vhd Line: 17
    Info (12023): Found entity 1: OutputBuffer File: C:/dev/VHDL/SEM2.LIC.PROJ.ROULETTE/.hardware/KEYBOARD_READER/OUTPUT_BUFFER/OutputBuffer.vhd Line: 4
Info (12021): Found 2 design units, including 1 entities, in source file keyboard_reader/output_buffer/outputbuffercontrol.vhd
    Info (12022): Found design unit 1: OutputBufferControl-behavioral File: C:/dev/VHDL/SEM2.LIC.PROJ.ROULETTE/.hardware/KEYBOARD_READER/OUTPUT_BUFFER/OutputBufferControl.vhd Line: 17
    Info (12023): Found entity 1: OutputBufferControl File: C:/dev/VHDL/SEM2.LIC.PROJ.ROULETTE/.hardware/KEYBOARD_READER/OUTPUT_BUFFER/OutputBufferControl.vhd Line: 4
Info (12021): Found 2 design units, including 1 entities, in source file keyboard_reader/output_buffer/outputregister.vhd
    Info (12022): Found design unit 1: OutputRegister-behavioral File: C:/dev/VHDL/SEM2.LIC.PROJ.ROULETTE/.hardware/KEYBOARD_READER/OUTPUT_BUFFER/OutputRegister.vhd Line: 14
    Info (12023): Found entity 1: OutputRegister File: C:/dev/VHDL/SEM2.LIC.PROJ.ROULETTE/.hardware/KEYBOARD_READER/OUTPUT_BUFFER/OutputRegister.vhd Line: 4
Info (12021): Found 2 design units, including 1 entities, in source file keyboard_reader/ring_buffer/mac.vhd
    Info (12022): Found design unit 1: mac-behavioral File: C:/dev/VHDL/SEM2.LIC.PROJ.ROULETTE/.hardware/KEYBOARD_READER/RING_BUFFER/mac.vhd Line: 19
    Info (12023): Found entity 1: mac File: C:/dev/VHDL/SEM2.LIC.PROJ.ROULETTE/.hardware/KEYBOARD_READER/RING_BUFFER/mac.vhd Line: 4
Info (12021): Found 2 design units, including 1 entities, in source file keyboard_reader/ring_buffer/ram.vhd
    Info (12022): Found design unit 1: RAM-behavioral File: C:/dev/VHDL/SEM2.LIC.PROJ.ROULETTE/.hardware/KEYBOARD_READER/RING_BUFFER/RAM.vhd Line: 18
    Info (12023): Found entity 1: RAM File: C:/dev/VHDL/SEM2.LIC.PROJ.ROULETTE/.hardware/KEYBOARD_READER/RING_BUFFER/RAM.vhd Line: 5
Info (12021): Found 2 design units, including 1 entities, in source file keyboard_reader/ring_buffer/ringbuffer.vhd
    Info (12022): Found design unit 1: RingBuffer-structural File: C:/dev/VHDL/SEM2.LIC.PROJ.ROULETTE/.hardware/KEYBOARD_READER/RING_BUFFER/RingBuffer.vhd Line: 18
    Info (12023): Found entity 1: RingBuffer File: C:/dev/VHDL/SEM2.LIC.PROJ.ROULETTE/.hardware/KEYBOARD_READER/RING_BUFFER/RingBuffer.vhd Line: 4
Info (12021): Found 2 design units, including 1 entities, in source file keyboard_reader/ring_buffer/ring_buffer_control.vhd
    Info (12022): Found design unit 1: Ring_Buffer_Control-Behavioral File: C:/dev/VHDL/SEM2.LIC.PROJ.ROULETTE/.hardware/KEYBOARD_READER/RING_BUFFER/Ring_Buffer_Control.vhd Line: 16
    Info (12023): Found entity 1: Ring_Buffer_Control File: C:/dev/VHDL/SEM2.LIC.PROJ.ROULETTE/.hardware/KEYBOARD_READER/RING_BUFFER/Ring_Buffer_Control.vhd Line: 4
Info (12021): Found 2 design units, including 1 entities, in source file slcdc/slcdc.vhd
    Info (12022): Found design unit 1: SLCDC-structural File: C:/dev/VHDL/SEM2.LIC.PROJ.ROULETTE/.hardware/SLCDC/SLCDC.vhd Line: 17
    Info (12023): Found entity 1: SLCDC File: C:/dev/VHDL/SEM2.LIC.PROJ.ROULETTE/.hardware/SLCDC/SLCDC.vhd Line: 4
Info (12021): Found 2 design units, including 1 entities, in source file slcdc/lcd_dispatcher/lcddispatchercontrol.vhd
    Info (12022): Found design unit 1: LCDDispatcherControl-behavior File: C:/dev/VHDL/SEM2.LIC.PROJ.ROULETTE/.hardware/SLCDC/LCD_dispatcher/LCDDispatcherControl.vhd Line: 18
    Info (12023): Found entity 1: LCDDispatcherControl File: C:/dev/VHDL/SEM2.LIC.PROJ.ROULETTE/.hardware/SLCDC/LCD_dispatcher/LCDDispatcherControl.vhd Line: 5
Info (12021): Found 2 design units, including 1 entities, in source file slcdc/lcd_dispatcher/lcd_dispatcher.vhd
    Info (12022): Found design unit 1: LCD_Dispatcher-structural File: C:/dev/VHDL/SEM2.LIC.PROJ.ROULETTE/.hardware/SLCDC/LCD_dispatcher/LCD_Dispatcher.vhd Line: 17
    Info (12023): Found entity 1: LCD_Dispatcher File: C:/dev/VHDL/SEM2.LIC.PROJ.ROULETTE/.hardware/SLCDC/LCD_dispatcher/LCD_Dispatcher.vhd Line: 4
Info (12021): Found 2 design units, including 1 entities, in source file slcdc/serial_receiver/parity_checker.vhd
    Info (12022): Found design unit 1: parity_checker-structural File: C:/dev/VHDL/SEM2.LIC.PROJ.ROULETTE/.hardware/SLCDC/serial_receiver/parity_checker.vhd Line: 15
    Info (12023): Found entity 1: parity_checker File: C:/dev/VHDL/SEM2.LIC.PROJ.ROULETTE/.hardware/SLCDC/serial_receiver/parity_checker.vhd Line: 4
Info (12021): Found 2 design units, including 1 entities, in source file slcdc/serial_receiver/receiver_controler.vhd
    Info (12022): Found design unit 1: receiver_controler-behavioral File: C:/dev/VHDL/SEM2.LIC.PROJ.ROULETTE/.hardware/SLCDC/serial_receiver/receiver_controler.vhd Line: 22
    Info (12023): Found entity 1: receiver_controler File: C:/dev/VHDL/SEM2.LIC.PROJ.ROULETTE/.hardware/SLCDC/serial_receiver/receiver_controler.vhd Line: 4
Info (12021): Found 2 design units, including 1 entities, in source file slcdc/serial_receiver/serial_receiver.vhd
    Info (12022): Found design unit 1: serial_receiver-structural File: C:/dev/VHDL/SEM2.LIC.PROJ.ROULETTE/.hardware/SLCDC/serial_receiver/serial_receiver.vhd Line: 18
    Info (12023): Found entity 1: serial_receiver File: C:/dev/VHDL/SEM2.LIC.PROJ.ROULETTE/.hardware/SLCDC/serial_receiver/serial_receiver.vhd Line: 4
Info (12021): Found 2 design units, including 1 entities, in source file slcdc/serial_receiver/serial_test.vhd
    Info (12022): Found design unit 1: serial_test-logic File: C:/dev/VHDL/SEM2.LIC.PROJ.ROULETTE/.hardware/SLCDC/serial_receiver/serial_test.vhd Line: 15
    Info (12023): Found entity 1: serial_test File: C:/dev/VHDL/SEM2.LIC.PROJ.ROULETTE/.hardware/SLCDC/serial_receiver/serial_test.vhd Line: 4
Info (12021): Found 2 design units, including 1 entities, in source file slcdc/serial_receiver/shiftregisterserialreceiver.vhd
    Info (12022): Found design unit 1: ShiftRegisterSerialReceiver-structural File: C:/dev/VHDL/SEM2.LIC.PROJ.ROULETTE/.hardware/SLCDC/serial_receiver/ShiftRegisterSerialReceiver.vhd Line: 13
    Info (12023): Found entity 1: ShiftRegisterSerialReceiver File: C:/dev/VHDL/SEM2.LIC.PROJ.ROULETTE/.hardware/SLCDC/serial_receiver/ShiftRegisterSerialReceiver.vhd Line: 3
Info (12021): Found 2 design units, including 1 entities, in source file src/src.vhd
    Info (12022): Found design unit 1: SRC-structural File: C:/dev/VHDL/SEM2.LIC.PROJ.ROULETTE/.hardware/SRC/SRC.vhd Line: 17
    Info (12023): Found entity 1: SRC File: C:/dev/VHDL/SEM2.LIC.PROJ.ROULETTE/.hardware/SRC/SRC.vhd Line: 4
Info (12021): Found 2 design units, including 1 entities, in source file src/roulette_dispatcher/roulettedispatchercontrol.vhd
    Info (12022): Found design unit 1: rouletteDispatcherControl-behavior File: C:/dev/VHDL/SEM2.LIC.PROJ.ROULETTE/.hardware/SRC/roulette_dispatcher/rouletteDispatcherControl.vhd Line: 18
    Info (12023): Found entity 1: rouletteDispatcherControl File: C:/dev/VHDL/SEM2.LIC.PROJ.ROULETTE/.hardware/SRC/roulette_dispatcher/rouletteDispatcherControl.vhd Line: 5
Info (12021): Found 2 design units, including 1 entities, in source file src/roulette_dispatcher/roulette_dispatcher.vhd
    Info (12022): Found design unit 1: roulette_dispatcher-structural File: C:/dev/VHDL/SEM2.LIC.PROJ.ROULETTE/.hardware/SRC/roulette_dispatcher/roulette_dispatcher.vhd Line: 17
    Info (12023): Found entity 1: roulette_dispatcher File: C:/dev/VHDL/SEM2.LIC.PROJ.ROULETTE/.hardware/SRC/roulette_dispatcher/roulette_dispatcher.vhd Line: 4
Info (12021): Found 2 design units, including 1 entities, in source file src/roulette_serial/receiver_controler_roulette.vhd
    Info (12022): Found design unit 1: receiver_controler_roulette-behavioral File: C:/dev/VHDL/SEM2.LIC.PROJ.ROULETTE/.hardware/SRC/roulette_serial/receiver_controler_roulette.vhd Line: 22
    Info (12023): Found entity 1: receiver_controler_roulette File: C:/dev/VHDL/SEM2.LIC.PROJ.ROULETTE/.hardware/SRC/roulette_serial/receiver_controler_roulette.vhd Line: 4
Info (12021): Found 2 design units, including 1 entities, in source file src/roulette_serial/roulette_serial_test.vhd
    Info (12022): Found design unit 1: roulette_serial_test-logic File: C:/dev/VHDL/SEM2.LIC.PROJ.ROULETTE/.hardware/SRC/roulette_serial/roulette_serial_test.vhd Line: 15
    Info (12023): Found entity 1: roulette_serial_test File: C:/dev/VHDL/SEM2.LIC.PROJ.ROULETTE/.hardware/SRC/roulette_serial/roulette_serial_test.vhd Line: 4
Info (12021): Found 2 design units, including 1 entities, in source file src/roulette_serial/roulette_shiftregister.vhd
    Info (12022): Found design unit 1: roulette_shiftRegister-structural File: C:/dev/VHDL/SEM2.LIC.PROJ.ROULETTE/.hardware/SRC/roulette_serial/roulette_shiftRegister.vhd Line: 14
    Info (12023): Found entity 1: roulette_shiftRegister File: C:/dev/VHDL/SEM2.LIC.PROJ.ROULETTE/.hardware/SRC/roulette_serial/roulette_shiftRegister.vhd Line: 4
Info (12021): Found 2 design units, including 1 entities, in source file src/roulette_serial/serial_receiver_roulette.vhd
    Info (12022): Found design unit 1: serial_receiver_roulette-structural File: C:/dev/VHDL/SEM2.LIC.PROJ.ROULETTE/.hardware/SRC/roulette_serial/serial_receiver_roulette.vhd Line: 18
    Info (12023): Found entity 1: serial_receiver_roulette File: C:/dev/VHDL/SEM2.LIC.PROJ.ROULETTE/.hardware/SRC/roulette_serial/serial_receiver_roulette.vhd Line: 4
Info (12127): Elaborating entity "keyscan_rtb" for the top level hierarchy
Info (12128): Elaborating entity "key_scanner" for hierarchy "key_scanner:instantiate_key_scanner" File: C:/dev/VHDL/SEM2.LIC.PROJ.ROULETTE/.hardware/.testbench/realtime/keyscan/keyscan_rtb.vhd Line: 38
Info (12128): Elaborating entity "counter_2bits" for hierarchy "key_scanner:instantiate_key_scanner|counter_2bits:Contador" File: C:/dev/VHDL/SEM2.LIC.PROJ.ROULETTE/.hardware/KEYBOARD_READER/KEY_DECODE/KEY_SCANNER/key_scanner.vhd Line: 72
Info (12128): Elaborating entity "adder_2bits" for hierarchy "key_scanner:instantiate_key_scanner|counter_2bits:Contador|adder_2bits:instance_adder_2bits" File: C:/dev/VHDL/SEM2.LIC.PROJ.ROULETTE/.hardware/COMMON/COUNTERS/counter_2bits.vhd Line: 56
Info (12128): Elaborating entity "full_adder" for hierarchy "key_scanner:instantiate_key_scanner|counter_2bits:Contador|adder_2bits:instance_adder_2bits|full_adder:instance_full_adder_1" File: C:/dev/VHDL/SEM2.LIC.PROJ.ROULETTE/.hardware/COMMON/ADDERS/adder_2bits.vhd Line: 47
Info (12128): Elaborating entity "half_adder" for hierarchy "key_scanner:instantiate_key_scanner|counter_2bits:Contador|adder_2bits:instance_adder_2bits|full_adder:instance_full_adder_1|half_adder:instance_half_adder_1" File: C:/dev/VHDL/SEM2.LIC.PROJ.ROULETTE/.hardware/COMMON/ADDERS/full_adder.vhd Line: 48
Info (12128): Elaborating entity "register_2bits" for hierarchy "key_scanner:instantiate_key_scanner|counter_2bits:Contador|register_2bits:instance_registry_2bits" File: C:/dev/VHDL/SEM2.LIC.PROJ.ROULETTE/.hardware/COMMON/COUNTERS/counter_2bits.vhd Line: 68
Info (12128): Elaborating entity "FFD" for hierarchy "key_scanner:instantiate_key_scanner|counter_2bits:Contador|register_2bits:instance_registry_2bits|FFD:FFD1" File: C:/dev/VHDL/SEM2.LIC.PROJ.ROULETTE/.hardware/COMMON/REGISTERS/registry_2bits.vhd Line: 37
Info (12128): Elaborating entity "decoder_2x4" for hierarchy "key_scanner:instantiate_key_scanner|decoder_2x4:Decoder" File: C:/dev/VHDL/SEM2.LIC.PROJ.ROULETTE/.hardware/KEYBOARD_READER/KEY_DECODE/KEY_SCANNER/key_scanner.vhd Line: 79
Info (12128): Elaborating entity "priority_encoder" for hierarchy "key_scanner:instantiate_key_scanner|priority_encoder:Penc" File: C:/dev/VHDL/SEM2.LIC.PROJ.ROULETTE/.hardware/KEYBOARD_READER/KEY_DECODE/KEY_SCANNER/key_scanner.vhd Line: 89
Info (12128): Elaborating entity "partial_priority_encoder" for hierarchy "key_scanner:instantiate_key_scanner|priority_encoder:Penc|partial_priority_encoder:PencPartial1" File: C:/dev/VHDL/SEM2.LIC.PROJ.ROULETTE/.hardware/COMMON/CODEC/PENC/priority_encoder.vhd Line: 54
Info (12128): Elaborating entity "mux2x1_1bit" for hierarchy "key_scanner:instantiate_key_scanner|priority_encoder:Penc|mux2x1_1bit:Mux2x1" File: C:/dev/VHDL/SEM2.LIC.PROJ.ROULETTE/.hardware/COMMON/CODEC/PENC/priority_encoder.vhd Line: 81
Info (286030): Timing-Driven Synthesis is running
Info (16010): Generating hard_block partition "hard_block:auto_generated_inst"
    Info (16011): Adding 0 node(s), including 0 DDIO, 0 PLL, 0 transceiver and 0 LCELL
Info (21057): Implemented 26 device resources after synthesis - the final resource count might be different
    Info (21058): Implemented 8 input pins
    Info (21059): Implemented 9 output pins
    Info (21061): Implemented 9 logic cells
Info: Quartus Prime Analysis & Synthesis was successful. 0 errors, 1 warning
    Info: Peak virtual memory: 4794 megabytes
    Info: Processing ended: Tue May 27 16:02:33 2025
    Info: Elapsed time: 00:00:17
    Info: Total CPU time (on all processors): 00:00:27


